2005.12.01 08:56 B C:\Dokumente und Einstellungen\bensen\Eigene Dateien\homepages\holidayfarm\Rosnerbauer\bilder\b6_01.jpg --> www.holiday-farm.at /site/bilder b6_01.jpg
2005.12.01 08:56 B C:\Dokumente und Einstellungen\bensen\Eigene Dateien\homepages\holidayfarm\Rosnerbauer\bilder\b6_02.jpg --> www.holiday-farm.at /site/bilder b6_02.jpg
2005.12.01 08:56 B C:\Dokumente und Einstellungen\bensen\Eigene Dateien\homepages\holidayfarm\Rosnerbauer\bilder\b6_03.jpg --> www.holiday-farm.at /site/bilder b6_03.jpg
2005.12.01 08:56 B C:\Dokumente und Einstellungen\bensen\Eigene Dateien\homepages\holidayfarm\Rosnerbauer\bilder\b6_04.jpg --> www.holiday-farm.at /site/bilder b6_04.jpg
2005.12.01 08:56 B C:\Dokumente und Einstellungen\bensen\Eigene Dateien\homepages\holidayfarm\Rosnerbauer\bilder\b7_01.jpg --> www.holiday-farm.at /site/bilder b7_01.jpg
2005.12.01 08:56 B C:\Dokumente und Einstellungen\bensen\Eigene Dateien\homepages\holidayfarm\Rosnerbauer\bilder\b7_02.jpg --> www.holiday-farm.at /site/bilder b7_02.jpg
2005.12.01 08:56 B C:\Dokumente und Einstellungen\bensen\Eigene Dateien\homepages\holidayfarm\Rosnerbauer\bilder\b7_03.jpg --> www.holiday-farm.at /site/bilder b7_03.jpg
2005.12.01 08:56 B C:\Dokumente und Einstellungen\bensen\Eigene Dateien\homepages\holidayfarm\Rosnerbauer\bilder\b7_04.jpg --> www.holiday-farm.at /site/bilder b7_04.jpg
2005.12.01 08:56 B C:\Dokumente und Einstellungen\bensen\Eigene Dateien\homepages\holidayfarm\Rosnerbauer\bilder\buttons_06.jpg --> www.holiday-farm.at /site/bilder buttons_06.jpg
2005.12.01 08:56 B C:\Dokumente und Einstellungen\bensen\Eigene Dateien\homepages\holidayfarm\Rosnerbauer\bilder\buttons_07-over.jpg --> www.holiday-farm.at /site/bilder buttons_07-over.jpg
2005.12.01 08:56 B C:\Dokumente und Einstellungen\bensen\Eigene Dateien\homepages\holidayfarm\Rosnerbauer\bilder\buttons_07.jpg --> www.holiday-farm.at /site/bilder buttons_07.jpg
2005.12.01 08:56 B C:\Dokumente und Einstellungen\bensen\Eigene Dateien\homepages\holidayfarm\Rosnerbauer\bilder\buttons_08.jpg --> www.holiday-farm.at /site/bilder buttons_08.jpg
2005.12.01 08:56 B C:\Dokumente und Einstellungen\bensen\Eigene Dateien\homepages\holidayfarm\Rosnerbauer\bilder\buttons_09-over.jpg --> www.holiday-farm.at /site/bilder buttons_09-over.jpg
2005.12.01 08:56 B C:\Dokumente und Einstellungen\bensen\Eigene Dateien\homepages\holidayfarm\Rosnerbauer\bilder\buttons_09.jpg --> www.holiday-farm.at /site/bilder buttons_09.jpg
2005.12.01 08:56 B C:\Dokumente und Einstellungen\bensen\Eigene Dateien\homepages\holidayfarm\Rosnerbauer\bilder\buttons_10-over.jpg --> www.holiday-farm.at /site/bilder buttons_10-over.jpg
2005.12.01 08:56 B C:\Dokumente und Einstellungen\bensen\Eigene Dateien\homepages\holidayfarm\Rosnerbauer\bilder\buttons_10.jpg --> www.holiday-farm.at /site/bilder buttons_10.jpg
2005.12.01 08:56 B C:\Dokumente und Einstellungen\bensen\Eigene Dateien\homepages\holidayfarm\Rosnerbauer\bilder\buttons_11.jpg --> www.holiday-farm.at /site/bilder buttons_11.jpg
2005.12.01 08:56 B C:\Dokumente und Einstellungen\bensen\Eigene Dateien\homepages\holidayfarm\Rosnerbauer\bilder\buttons_12-over.jpg --> www.holiday-farm.at /site/bilder buttons_12-over.jpg
2005.12.01 08:56 B C:\Dokumente und Einstellungen\bensen\Eigene Dateien\homepages\holidayfarm\Rosnerbauer\bilder\buttons_12.jpg --> www.holiday-farm.at /site/bilder buttons_12.jpg
2005.12.01 08:56 B C:\Dokumente und Einstellungen\bensen\Eigene Dateien\homepages\holidayfarm\Rosnerbauer\bilder\buttons_13.jpg --> www.holiday-farm.at /site/bilder buttons_13.jpg
2005.12.01 08:56 B C:\Dokumente und Einstellungen\bensen\Eigene Dateien\homepages\holidayfarm\Rosnerbauer\bilder\buttons_14-over.jpg --> www.holiday-farm.at /site/bilder buttons_14-over.jpg
2005.12.01 08:56 B C:\Dokumente und Einstellungen\bensen\Eigene Dateien\homepages\holidayfarm\Rosnerbauer\bilder\buttons_14.jpg --> www.holiday-farm.at /site/bilder buttons_14.jpg
2005.12.01 08:56 B C:\Dokumente und Einstellungen\bensen\Eigene Dateien\homepages\holidayfarm\Rosnerbauer\bilder\buttons_15.jpg --> www.holiday-farm.at /site/bilder buttons_15.jpg
2005.12.01 08:56 B C:\Dokumente und Einstellungen\bensen\Eigene Dateien\homepages\holidayfarm\Rosnerbauer\bilder\buttons_16-over.jpg --> www.holiday-farm.at /site/bilder buttons_16-over.jpg
2005.12.01 08:56 B C:\Dokumente und Einstellungen\bensen\Eigene Dateien\homepages\holidayfarm\Rosnerbauer\bilder\buttons_16.jpg --> www.holiday-farm.at /site/bilder buttons_16.jpg
2005.12.01 08:56 B C:\Dokumente und Einstellungen\bensen\Eigene Dateien\homepages\holidayfarm\Rosnerbauer\bilder\buttons_17.jpg --> www.holiday-farm.at /site/bilder buttons_17.jpg
2005.12.01 08:56 B C:\Dokumente und Einstellungen\bensen\Eigene Dateien\homepages\holidayfarm\Rosnerbauer\bilder\buttons_18-over.jpg --> www.holiday-farm.at /site/bilder buttons_18-over.jpg
2005.12.01 08:56 B C:\Dokumente und Einstellungen\bensen\Eigene Dateien\homepages\holidayfarm\Rosnerbauer\bilder\buttons_18.jpg --> www.holiday-farm.at /site/bilder buttons_18.jpg
2005.12.01 08:56 B C:\Dokumente und Einstellungen\bensen\Eigene Dateien\homepages\holidayfarm\Rosnerbauer\bilder\buttons_19.jpg --> www.holiday-farm.at /site/bilder buttons_19.jpg
2005.12.01 08:56 B C:\Dokumente und Einstellungen\bensen\Eigene Dateien\homepages\holidayfarm\Rosnerbauer\bilder\buttons_20-over.jpg --> www.holiday-farm.at /site/bilder buttons_20-over.jpg
2005.12.01 08:56 B C:\Dokumente und Einstellungen\bensen\Eigene Dateien\homepages\holidayfarm\Rosnerbauer\bilder\buttons_20.jpg --> www.holiday-farm.at /site/bilder buttons_20.jpg
2005.12.01 08:56 B C:\Dokumente und Einstellungen\bensen\Eigene Dateien\homepages\holidayfarm\Rosnerbauer\bilder\buttons_21.jpg --> www.holiday-farm.at /site/bilder buttons_21.jpg
2005.12.01 08:56 B C:\Dokumente und Einstellungen\bensen\Eigene Dateien\homepages\holidayfarm\Rosnerbauer\bilder\buttons_22-over.jpg --> www.holiday-farm.at /site/bilder buttons_22-over.jpg
2005.12.01 08:56 B C:\Dokumente und Einstellungen\bensen\Eigene Dateien\homepages\holidayfarm\Rosnerbauer\bilder\buttons_22.jpg --> www.holiday-farm.at /site/bilder buttons_22.jpg
2005.12.01 08:56 B C:\Dokumente und Einstellungen\bensen\Eigene Dateien\homepages\holidayfarm\Rosnerbauer\bilder\buttons_23.jpg --> www.holiday-farm.at /site/bilder buttons_23.jpg
2005.12.01 08:56 B C:\Dokumente und Einstellungen\bensen\Eigene Dateien\homepages\holidayfarm\Rosnerbauer\bilder\buttons_24-over.jpg --> www.holiday-farm.at /site/bilder buttons_24-over.jpg
2005.12.01 08:56 B C:\Dokumente und Einstellungen\bensen\Eigene Dateien\homepages\holidayfarm\Rosnerbauer\bilder\buttons_24.jpg --> www.holiday-farm.at /site/bilder buttons_24.jpg
2005.12.01 08:56 B C:\Dokumente und Einstellungen\bensen\Eigene Dateien\homepages\holidayfarm\Rosnerbauer\bilder\buttons_25.jpg --> www.holiday-farm.at /site/bilder buttons_25.jpg
2005.12.01 08:56 B C:\Dokumente und Einstellungen\bensen\Eigene Dateien\homepages\holidayfarm\Rosnerbauer\bilder\buttons_26.jpg --> www.holiday-farm.at /site/bilder buttons_26.jpg
2005.12.01 08:56 B C:\Dokumente und Einstellungen\bensen\Eigene Dateien\homepages\holidayfarm\Rosnerbauer\bilder\head_01.jpg --> www.holiday-farm.at /site/bilder head_01.jpg
2005.12.01 08:56 B C:\Dokumente und Einstellungen\bensen\Eigene Dateien\homepages\holidayfarm\Rosnerbauer\bilder\head_02.jpg --> www.holiday-farm.at /site/bilder head_02.jpg
2005.12.01 08:56 B C:\Dokumente und Einstellungen\bensen\Eigene Dateien\homepages\holidayfarm\Rosnerbauer\bilder\head_03.jpg --> www.holiday-farm.at /site/bilder head_03.jpg
2005.12.01 08:56 B C:\Dokumente und Einstellungen\bensen\Eigene Dateien\homepages\holidayfarm\Rosnerbauer\bilder\head_04.jpg --> www.holiday-farm.at /site/bilder head_04.jpg
2005.12.01 08:56 B C:\Dokumente und Einstellungen\bensen\Eigene Dateien\homepages\holidayfarm\Rosnerbauer\bilder\hgrbuttons_08.jpg --> www.holiday-farm.at /site/bilder hgrbuttons_08.jpg
2005.12.01 08:56 B C:\Dokumente und Einstellungen\bensen\Eigene Dateien\homepages\holidayfarm\Rosnerbauer\bilder\hgrbuttons_26.jpg --> www.holiday-farm.at /site/bilder hgrbuttons_26.jpg
2005.12.01 08:56 B C:\Dokumente und Einstellungen\bensen\Eigene Dateien\homepages\holidayfarm\Rosnerbauer\bilder\inarbeit.jpg --> www.holiday-farm.at /site/bilder inarbeit.jpg
2005.12.01 08:56 B C:\Dokumente und Einstellungen\bensen\Eigene Dateien\homepages\holidayfarm\Rosnerbauer\bilder\spacer.gif --> www.holiday-farm.at /site/bilder spacer.gif
2005.12.01 08:56 B C:\Dokumente und Einstellungen\bensen\Eigene Dateien\homepages\holidayfarm\Rosnerbauer\bilder\willkommen_01.jpg --> www.holiday-farm.at /site/bilder willkommen_01.jpg
2005.12.01 08:56 B C:\Dokumente und Einstellungen\bensen\Eigene Dateien\homepages\holidayfarm\Rosnerbauer\bilder\willkommen_02.jpg --> www.holiday-farm.at /site/bilder willkommen_02.jpg
2005.12.01 08:56 B C:\Dokumente und Einstellungen\bensen\Eigene Dateien\homepages\holidayfarm\Rosnerbauer\bilder\willkommen_03.jpg --> www.holiday-farm.at /site/bilder willkommen_03.jpg
2005.12.01 08:56 B C:\Dokumente und Einstellungen\bensen\Eigene Dateien\homepages\holidayfarm\Rosnerbauer\bilder\willkommen_04.jpg --> www.holiday-farm.at /site/bilder willkommen_04.jpg
2005.12.08 09:15 B C:\Dokumente und Einstellungen\bensen\Eigene Dateien\homepages\holidayfarm\Rosnerbauer\bilder\1.jpg --> www.bensen.at /html/Rosnerbauer/bilder 1.jpg
2005.12.08 09:15 B C:\Dokumente und Einstellungen\bensen\Eigene Dateien\homepages\holidayfarm\Rosnerbauer\bilder\1a.jpg --> www.bensen.at /html/Rosnerbauer/bilder 1a.jpg
2005.12.08 09:15 B C:\Dokumente und Einstellungen\bensen\Eigene Dateien\homepages\holidayfarm\Rosnerbauer\bilder\1gross.jpg --> www.bensen.at /html/Rosnerbauer/bilder 1gross.jpg
2005.12.08 09:15 B C:\Dokumente und Einstellungen\bensen\Eigene Dateien\homepages\holidayfarm\Rosnerbauer\bilder\2.jpg --> www.bensen.at /html/Rosnerbauer/bilder 2.jpg
2005.12.08 09:15 B C:\Dokumente und Einstellungen\bensen\Eigene Dateien\homepages\holidayfarm\Rosnerbauer\bilder\2a.jpg --> www.bensen.at /html/Rosnerbauer/bilder 2a.jpg
2005.12.08 09:15 B C:\Dokumente und Einstellungen\bensen\Eigene Dateien\homepages\holidayfarm\Rosnerbauer\bilder\A1.jpg --> www.bensen.at /html/Rosnerbauer/bilder A1.jpg
2005.12.08 09:15 B C:\Dokumente und Einstellungen\bensen\Eigene Dateien\homepages\holidayfarm\Rosnerbauer\bilder\A2.jpg --> www.bensen.at /html/Rosnerbauer/bilder A2.jpg
2005.12.08 09:15 B C:\Dokumente und Einstellungen\bensen\Eigene Dateien\homepages\holidayfarm\Rosnerbauer\bilder\aussensommer.jpg --> www.bensen.at /html/Rosnerbauer/bilder aussensommer.jpg
2005.12.08 09:15 B C:\Dokumente und Einstellungen\bensen\Eigene Dateien\homepages\holidayfarm\Rosnerbauer\bilder\b1_01.jpg --> www.bensen.at /html/Rosnerbauer/bilder b1_01.jpg
2005.12.08 09:15 B C:\Dokumente und Einstellungen\bensen\Eigene Dateien\homepages\holidayfarm\Rosnerbauer\bilder\b1_02.jpg --> www.bensen.at /html/Rosnerbauer/bilder b1_02.jpg
2005.12.08 09:15 B C:\Dokumente und Einstellungen\bensen\Eigene Dateien\homepages\holidayfarm\Rosnerbauer\bilder\b1_03.jpg --> www.bensen.at /html/Rosnerbauer/bilder b1_03.jpg
2005.12.08 09:16 B C:\Dokumente und Einstellungen\bensen\Eigene Dateien\homepages\holidayfarm\Rosnerbauer\bilder\b1_04.jpg --> www.bensen.at /html/Rosnerbauer/bilder b1_04.jpg
2005.12.08 09:16 B C:\Dokumente und Einstellungen\bensen\Eigene Dateien\homepages\holidayfarm\Rosnerbauer\bilder\b2_01.jpg --> www.bensen.at /html/Rosnerbauer/bilder b2_01.jpg
2005.12.08 09:16 B C:\Dokumente und Einstellungen\bensen\Eigene Dateien\homepages\holidayfarm\Rosnerbauer\bilder\b2_02.jpg --> www.bensen.at /html/Rosnerbauer/bilder b2_02.jpg
2005.12.08 09:16 B C:\Dokumente und Einstellungen\bensen\Eigene Dateien\homepages\holidayfarm\Rosnerbauer\bilder\b2_03.jpg --> www.bensen.at /html/Rosnerbauer/bilder b2_03.jpg
2005.12.08 09:16 B C:\Dokumente und Einstellungen\bensen\Eigene Dateien\homepages\holidayfarm\Rosnerbauer\bilder\b2_04.jpg --> www.bensen.at /html/Rosnerbauer/bilder b2_04.jpg
2005.12.08 09:16 B C:\Dokumente und Einstellungen\bensen\Eigene Dateien\homepages\holidayfarm\Rosnerbauer\bilder\b3_01.jpg --> www.bensen.at /html/Rosnerbauer/bilder b3_01.jpg
2005.12.08 09:16 B C:\Dokumente und Einstellungen\bensen\Eigene Dateien\homepages\holidayfarm\Rosnerbauer\bilder\b3_02.jpg --> www.bensen.at /html/Rosnerbauer/bilder b3_02.jpg
2005.12.08 09:16 B C:\Dokumente und Einstellungen\bensen\Eigene Dateien\homepages\holidayfarm\Rosnerbauer\bilder\b3_03.jpg --> www.bensen.at /html/Rosnerbauer/bilder b3_03.jpg
2005.12.08 09:16 B C:\Dokumente und Einstellungen\bensen\Eigene Dateien\homepages\holidayfarm\Rosnerbauer\bilder\b3_04.jpg --> www.bensen.at /html/Rosnerbauer/bilder b3_04.jpg
2005.12.08 09:16 B C:\Dokumente und Einstellungen\bensen\Eigene Dateien\homepages\holidayfarm\Rosnerbauer\bilder\b4_01.jpg --> www.bensen.at /html/Rosnerbauer/bilder b4_01.jpg
2005.12.08 09:16 B C:\Dokumente und Einstellungen\bensen\Eigene Dateien\homepages\holidayfarm\Rosnerbauer\bilder\b4_02.jpg --> www.bensen.at /html/Rosnerbauer/bilder b4_02.jpg
2005.12.08 09:16 B C:\Dokumente und Einstellungen\bensen\Eigene Dateien\homepages\holidayfarm\Rosnerbauer\bilder\b4_03.jpg --> www.bensen.at /html/Rosnerbauer/bilder b4_03.jpg
2005.12.08 09:16 B C:\Dokumente und Einstellungen\bensen\Eigene Dateien\homepages\holidayfarm\Rosnerbauer\bilder\b4_04.jpg --> www.bensen.at /html/Rosnerbauer/bilder b4_04.jpg
2005.12.08 09:16 B C:\Dokumente und Einstellungen\bensen\Eigene Dateien\homepages\holidayfarm\Rosnerbauer\bilder\b5_01.jpg --> www.bensen.at /html/Rosnerbauer/bilder b5_01.jpg
2005.12.08 09:16 B C:\Dokumente und Einstellungen\bensen\Eigene Dateien\homepages\holidayfarm\Rosnerbauer\bilder\b5_02.jpg --> www.bensen.at /html/Rosnerbauer/bilder b5_02.jpg
2005.12.08 09:16 B C:\Dokumente und Einstellungen\bensen\Eigene Dateien\homepages\holidayfarm\Rosnerbauer\bilder\b5_03.jpg --> www.bensen.at /html/Rosnerbauer/bilder b5_03.jpg
2005.12.08 09:16 B C:\Dokumente und Einstellungen\bensen\Eigene Dateien\homepages\holidayfarm\Rosnerbauer\bilder\b5_04.jpg --> www.bensen.at /html/Rosnerbauer/bilder b5_04.jpg
2005.12.08 09:16 B C:\Dokumente und Einstellungen\bensen\Eigene Dateien\homepages\holidayfarm\Rosnerbauer\bilder\b6_01.jpg --> www.bensen.at /html/Rosnerbauer/bilder b6_01.jpg
2005.12.08 09:16 B C:\Dokumente und Einstellungen\bensen\Eigene Dateien\homepages\holidayfarm\Rosnerbauer\bilder\b6_02.jpg --> www.bensen.at /html/Rosnerbauer/bilder b6_02.jpg
2005.12.08 09:16 B C:\Dokumente und Einstellungen\bensen\Eigene Dateien\homepages\holidayfarm\Rosnerbauer\bilder\b6_03.jpg --> www.bensen.at /html/Rosnerbauer/bilder b6_03.jpg
2005.12.08 09:16 B C:\Dokumente und Einstellungen\bensen\Eigene Dateien\homepages\holidayfarm\Rosnerbauer\bilder\b6_04.jpg --> www.bensen.at /html/Rosnerbauer/bilder b6_04.jpg
2005.12.08 09:16 B C:\Dokumente und Einstellungen\bensen\Eigene Dateien\homepages\holidayfarm\Rosnerbauer\bilder\b7_01.jpg --> www.bensen.at /html/Rosnerbauer/bilder b7_01.jpg
2005.12.08 09:16 B C:\Dokumente und Einstellungen\bensen\Eigene Dateien\homepages\holidayfarm\Rosnerbauer\bilder\b7_02.jpg --> www.bensen.at /html/Rosnerbauer/bilder b7_02.jpg
2005.12.08 09:16 B C:\Dokumente und Einstellungen\bensen\Eigene Dateien\homepages\holidayfarm\Rosnerbauer\bilder\b7_03.jpg --> www.bensen.at /html/Rosnerbauer/bilder b7_03.jpg
2005.12.08 09:16 B C:\Dokumente und Einstellungen\bensen\Eigene Dateien\homepages\holidayfarm\Rosnerbauer\bilder\b7_04.jpg --> www.bensen.at /html/Rosnerbauer/bilder b7_04.jpg
2005.12.08 09:16 B C:\Dokumente und Einstellungen\bensen\Eigene Dateien\homepages\holidayfarm\Rosnerbauer\bilder\buttons_06.jpg --> www.bensen.at /html/Rosnerbauer/bilder buttons_06.jpg
2005.12.08 09:16 B C:\Dokumente und Einstellungen\bensen\Eigene Dateien\homepages\holidayfarm\Rosnerbauer\bilder\buttons_07-over.jpg --> www.bensen.at /html/Rosnerbauer/bilder buttons_07-over.jpg
2005.12.08 09:16 B C:\Dokumente und Einstellungen\bensen\Eigene Dateien\homepages\holidayfarm\Rosnerbauer\bilder\buttons_07.jpg --> www.bensen.at /html/Rosnerbauer/bilder buttons_07.jpg
2005.12.08 09:16 B C:\Dokumente und Einstellungen\bensen\Eigene Dateien\homepages\holidayfarm\Rosnerbauer\bilder\buttons_08.jpg --> www.bensen.at /html/Rosnerbauer/bilder buttons_08.jpg
2005.12.08 09:16 B C:\Dokumente und Einstellungen\bensen\Eigene Dateien\homepages\holidayfarm\Rosnerbauer\bilder\buttons_09-over.jpg --> www.bensen.at /html/Rosnerbauer/bilder buttons_09-over.jpg
2005.12.08 09:16 B C:\Dokumente und Einstellungen\bensen\Eigene Dateien\homepages\holidayfarm\Rosnerbauer\bilder\buttons_09.jpg --> www.bensen.at /html/Rosnerbauer/bilder buttons_09.jpg
2005.12.08 09:16 B C:\Dokumente und Einstellungen\bensen\Eigene Dateien\homepages\holidayfarm\Rosnerbauer\bilder\buttons_10-over.jpg --> www.bensen.at /html/Rosnerbauer/bilder buttons_10-over.jpg
2005.12.08 09:16 B C:\Dokumente und Einstellungen\bensen\Eigene Dateien\homepages\holidayfarm\Rosnerbauer\bilder\buttons_10.jpg --> www.bensen.at /html/Rosnerbauer/bilder buttons_10.jpg
2005.12.08 09:16 B C:\Dokumente und Einstellungen\bensen\Eigene Dateien\homepages\holidayfarm\Rosnerbauer\bilder\buttons_11-over.jpg --> www.bensen.at /html/Rosnerbauer/bilder buttons_11-over.jpg
2005.12.08 09:16 B C:\Dokumente und Einstellungen\bensen\Eigene Dateien\homepages\holidayfarm\Rosnerbauer\bilder\buttons_11.jpg --> www.bensen.at /html/Rosnerbauer/bilder buttons_11.jpg
2005.12.08 09:16 B C:\Dokumente und Einstellungen\bensen\Eigene Dateien\homepages\holidayfarm\Rosnerbauer\bilder\buttons_12-over.jpg --> www.bensen.at /html/Rosnerbauer/bilder buttons_12-over.jpg
2005.12.08 09:16 B C:\Dokumente und Einstellungen\bensen\Eigene Dateien\homepages\holidayfarm\Rosnerbauer\bilder\buttons_12.jpg --> www.bensen.at /html/Rosnerbauer/bilder buttons_12.jpg
2005.12.08 09:16 B C:\Dokumente und Einstellungen\bensen\Eigene Dateien\homepages\holidayfarm\Rosnerbauer\bilder\buttons_13-over.jpg --> www.bensen.at /html/Rosnerbauer/bilder buttons_13-over.jpg
2005.12.08 09:16 B C:\Dokumente und Einstellungen\bensen\Eigene Dateien\homepages\holidayfarm\Rosnerbauer\bilder\buttons_13.jpg --> www.bensen.at /html/Rosnerbauer/bilder buttons_13.jpg
2005.12.08 09:16 B C:\Dokumente und Einstellungen\bensen\Eigene Dateien\homepages\holidayfarm\Rosnerbauer\bilder\buttons_14-over.jpg --> www.bensen.at /html/Rosnerbauer/bilder buttons_14-over.jpg
2005.12.08 09:16 B C:\Dokumente und Einstellungen\bensen\Eigene Dateien\homepages\holidayfarm\Rosnerbauer\bilder\buttons_14.jpg --> www.bensen.at /html/Rosnerbauer/bilder buttons_14.jpg
2005.12.08 09:16 B C:\Dokumente und Einstellungen\bensen\Eigene Dateien\homepages\holidayfarm\Rosnerbauer\bilder\buttons_15-over.jpg --> www.bensen.at /html/Rosnerbauer/bilder buttons_15-over.jpg
2005.12.08 09:16 B C:\Dokumente und Einstellungen\bensen\Eigene Dateien\homepages\holidayfarm\Rosnerbauer\bilder\buttons_15.jpg --> www.bensen.at /html/Rosnerbauer/bilder buttons_15.jpg
2005.12.08 09:16 B C:\Dokumente und Einstellungen\bensen\Eigene Dateien\homepages\holidayfarm\Rosnerbauer\bilder\buttons_16-over.jpg --> www.bensen.at /html/Rosnerbauer/bilder buttons_16-over.jpg
2005.12.08 09:16 B C:\Dokumente und Einstellungen\bensen\Eigene Dateien\homepages\holidayfarm\Rosnerbauer\bilder\buttons_16.jpg --> www.bensen.at /html/Rosnerbauer/bilder buttons_16.jpg
2005.12.08 09:16 B C:\Dokumente und Einstellungen\bensen\Eigene Dateien\homepages\holidayfarm\Rosnerbauer\bilder\buttons_17-over.jpg --> www.bensen.at /html/Rosnerbauer/bilder buttons_17-over.jpg
2005.12.08 09:16 B C:\Dokumente und Einstellungen\bensen\Eigene Dateien\homepages\holidayfarm\Rosnerbauer\bilder\buttons_17.jpg --> www.bensen.at /html/Rosnerbauer/bilder buttons_17.jpg
2005.12.08 09:16 B C:\Dokumente und Einstellungen\bensen\Eigene Dateien\homepages\holidayfarm\Rosnerbauer\bilder\buttons_18-over.jpg --> www.bensen.at /html/Rosnerbauer/bilder buttons_18-over.jpg
2005.12.08 09:16 B C:\Dokumente und Einstellungen\bensen\Eigene Dateien\homepages\holidayfarm\Rosnerbauer\bilder\buttons_18.jpg --> www.bensen.at /html/Rosnerbauer/bilder buttons_18.jpg
2005.12.08 09:16 B C:\Dokumente und Einstellungen\bensen\Eigene Dateien\homepages\holidayfarm\Rosnerbauer\bilder\buttons_19-over.jpg --> www.bensen.at /html/Rosnerbauer/bilder buttons_19-over.jpg
2005.12.08 09:16 B C:\Dokumente und Einstellungen\bensen\Eigene Dateien\homepages\holidayfarm\Rosnerbauer\bilder\buttons_19.jpg --> www.bensen.at /html/Rosnerbauer/bilder buttons_19.jpg
2005.12.08 09:16 B C:\Dokumente und Einstellungen\bensen\Eigene Dateien\homepages\holidayfarm\Rosnerbauer\bilder\buttons_20-over.jpg --> www.bensen.at /html/Rosnerbauer/bilder buttons_20-over.jpg
2005.12.08 09:16 B C:\Dokumente und Einstellungen\bensen\Eigene Dateien\homepages\holidayfarm\Rosnerbauer\bilder\buttons_20.jpg --> www.bensen.at /html/Rosnerbauer/bilder buttons_20.jpg
2005.12.08 09:16 B C:\Dokumente und Einstellungen\bensen\Eigene Dateien\homepages\holidayfarm\Rosnerbauer\bilder\buttons_21.jpg --> www.bensen.at /html/Rosnerbauer/bilder buttons_21.jpg
2005.12.08 09:16 B C:\Dokumente und Einstellungen\bensen\Eigene Dateien\homepages\holidayfarm\Rosnerbauer\bilder\buttons_22-over.jpg --> www.bensen.at /html/Rosnerbauer/bilder buttons_22-over.jpg
2005.12.08 09:16 B C:\Dokumente und Einstellungen\bensen\Eigene Dateien\homepages\holidayfarm\Rosnerbauer\bilder\buttons_22.jpg --> www.bensen.at /html/Rosnerbauer/bilder buttons_22.jpg
2005.12.08 09:16 B C:\Dokumente und Einstellungen\bensen\Eigene Dateien\homepages\holidayfarm\Rosnerbauer\bilder\buttons_23.jpg --> www.bensen.at /html/Rosnerbauer/bilder buttons_23.jpg
2005.12.08 09:16 B C:\Dokumente und Einstellungen\bensen\Eigene Dateien\homepages\holidayfarm\Rosnerbauer\bilder\buttons_24-over.jpg --> www.bensen.at /html/Rosnerbauer/bilder buttons_24-over.jpg
2005.12.08 09:16 B C:\Dokumente und Einstellungen\bensen\Eigene Dateien\homepages\holidayfarm\Rosnerbauer\bilder\buttons_24.jpg --> www.bensen.at /html/Rosnerbauer/bilder buttons_24.jpg
2005.12.08 09:16 B C:\Dokumente und Einstellungen\bensen\Eigene Dateien\homepages\holidayfarm\Rosnerbauer\bilder\buttons_25.jpg --> www.bensen.at /html/Rosnerbauer/bilder buttons_25.jpg
2005.12.08 09:16 B C:\Dokumente und Einstellungen\bensen\Eigene Dateien\homepages\holidayfarm\Rosnerbauer\bilder\buttons_26.jpg --> www.bensen.at /html/Rosnerbauer/bilder buttons_26.jpg
2005.12.08 09:16 B C:\Dokumente und Einstellungen\bensen\Eigene Dateien\homepages\holidayfarm\Rosnerbauer\bilder\e1.jpg --> www.bensen.at /html/Rosnerbauer/bilder e1.jpg
2005.12.08 09:16 B C:\Dokumente und Einstellungen\bensen\Eigene Dateien\homepages\holidayfarm\Rosnerbauer\bilder\head_01.jpg --> www.bensen.at /html/Rosnerbauer/bilder head_01.jpg
2005.12.08 09:16 B C:\Dokumente und Einstellungen\bensen\Eigene Dateien\homepages\holidayfarm\Rosnerbauer\bilder\head_02.jpg --> www.bensen.at /html/Rosnerbauer/bilder head_02.jpg
2005.12.08 09:16 B C:\Dokumente und Einstellungen\bensen\Eigene Dateien\homepages\holidayfarm\Rosnerbauer\bilder\head_03.jpg --> www.bensen.at /html/Rosnerbauer/bilder head_03.jpg
2005.12.08 09:16 B C:\Dokumente und Einstellungen\bensen\Eigene Dateien\homepages\holidayfarm\Rosnerbauer\bilder\head_04.jpg --> www.bensen.at /html/Rosnerbauer/bilder head_04.jpg
2005.12.08 09:16 B C:\Dokumente und Einstellungen\bensen\Eigene Dateien\homepages\holidayfarm\Rosnerbauer\bilder\head_05.jpg --> www.bensen.at /html/Rosnerbauer/bilder head_05.jpg
2005.12.08 09:16 B C:\Dokumente und Einstellungen\bensen\Eigene Dateien\homepages\holidayfarm\Rosnerbauer\bilder\hgr_21.jpg --> www.bensen.at /html/Rosnerbauer/bilder hgr_21.jpg
2005.12.08 09:16 B C:\Dokumente und Einstellungen\bensen\Eigene Dateien\homepages\holidayfarm\Rosnerbauer\bilder\hgrbuttons_08.jpg --> www.bensen.at /html/Rosnerbauer/bilder hgrbuttons_08.jpg
2005.12.08 09:16 B C:\Dokumente und Einstellungen\bensen\Eigene Dateien\homepages\holidayfarm\Rosnerbauer\bilder\hgrbuttons_26.jpg --> www.bensen.at /html/Rosnerbauer/bilder hgrbuttons_26.jpg
2005.12.08 09:16 B C:\Dokumente und Einstellungen\bensen\Eigene Dateien\homepages\holidayfarm\Rosnerbauer\bilder\inarbeit.jpg --> www.bensen.at /html/Rosnerbauer/bilder inarbeit.jpg
2005.12.08 09:16 B C:\Dokumente und Einstellungen\bensen\Eigene Dateien\homepages\holidayfarm\Rosnerbauer\bilder\outside_06.jpg --> www.bensen.at /html/Rosnerbauer/bilder outside_06.jpg
2005.12.08 09:16 B C:\Dokumente und Einstellungen\bensen\Eigene Dateien\homepages\holidayfarm\Rosnerbauer\bilder\plana.gif --> www.bensen.at /html/Rosnerbauer/bilder plana.gif
2005.12.08 09:16 B C:\Dokumente und Einstellungen\bensen\Eigene Dateien\homepages\holidayfarm\Rosnerbauer\bilder\planb.gif --> www.bensen.at /html/Rosnerbauer/bilder planb.gif
2005.12.08 09:16 B C:\Dokumente und Einstellungen\bensen\Eigene Dateien\homepages\holidayfarm\Rosnerbauer\bilder\planc.gif --> www.bensen.at /html/Rosnerbauer/bilder planc.gif
2005.12.08 09:16 B C:\Dokumente und Einstellungen\bensen\Eigene Dateien\homepages\holidayfarm\Rosnerbauer\bilder\pland.gif --> www.bensen.at /html/Rosnerbauer/bilder pland.gif
2005.12.08 09:17 B C:\Dokumente und Einstellungen\bensen\Eigene Dateien\homepages\holidayfarm\Rosnerbauer\bilder\plane.gif --> www.bensen.at /html/Rosnerbauer/bilder plane.gif
2005.12.08 09:17 B C:\Dokumente und Einstellungen\bensen\Eigene Dateien\homepages\holidayfarm\Rosnerbauer\bilder\planf.gif --> www.bensen.at /html/Rosnerbauer/bilder planf.gif
2005.12.08 09:17 B C:\Dokumente und Einstellungen\bensen\Eigene Dateien\homepages\holidayfarm\Rosnerbauer\bilder\screendesign_07.jpg --> www.bensen.at /html/Rosnerbauer/bilder screendesign_07.jpg
2005.12.08 09:17 B C:\Dokumente und Einstellungen\bensen\Eigene Dateien\homepages\holidayfarm\Rosnerbauer\bilder\screendesign_09.jpg --> www.bensen.at /html/Rosnerbauer/bilder screendesign_09.jpg
2005.12.08 09:17 B C:\Dokumente und Einstellungen\bensen\Eigene Dateien\homepages\holidayfarm\Rosnerbauer\bilder\screendesign_10-over.jpg --> www.bensen.at /html/Rosnerbauer/bilder screendesign_10-over.jpg
2005.12.08 09:17 B C:\Dokumente und Einstellungen\bensen\Eigene Dateien\homepages\holidayfarm\Rosnerbauer\bilder\screendesign_10.jpg --> www.bensen.at /html/Rosnerbauer/bilder screendesign_10.jpg
2005.12.08 09:17 B C:\Dokumente und Einstellungen\bensen\Eigene Dateien\homepages\holidayfarm\Rosnerbauer\bilder\screendesign_11.jpg --> www.bensen.at /html/Rosnerbauer/bilder screendesign_11.jpg
2005.12.08 09:17 B C:\Dokumente und Einstellungen\bensen\Eigene Dateien\homepages\holidayfarm\Rosnerbauer\bilder\screendesign_12-over.jpg --> www.bensen.at /html/Rosnerbauer/bilder screendesign_12-over.jpg
2005.12.08 09:17 B C:\Dokumente und Einstellungen\bensen\Eigene Dateien\homepages\holidayfarm\Rosnerbauer\bilder\screendesign_12.jpg --> www.bensen.at /html/Rosnerbauer/bilder screendesign_12.jpg
2005.12.08 09:17 B C:\Dokumente und Einstellungen\bensen\Eigene Dateien\homepages\holidayfarm\Rosnerbauer\bilder\screendesign_13.jpg --> www.bensen.at /html/Rosnerbauer/bilder screendesign_13.jpg
2005.12.08 09:17 B C:\Dokumente und Einstellungen\bensen\Eigene Dateien\homepages\holidayfarm\Rosnerbauer\bilder\screendesign_14-over.jpg --> www.bensen.at /html/Rosnerbauer/bilder screendesign_14-over.jpg
2005.12.08 09:17 B C:\Dokumente und Einstellungen\bensen\Eigene Dateien\homepages\holidayfarm\Rosnerbauer\bilder\screendesign_14.jpg --> www.bensen.at /html/Rosnerbauer/bilder screendesign_14.jpg
2005.12.08 09:17 B C:\Dokumente und Einstellungen\bensen\Eigene Dateien\homepages\holidayfarm\Rosnerbauer\bilder\screendesign_15.jpg --> www.bensen.at /html/Rosnerbauer/bilder screendesign_15.jpg
2005.12.08 09:17 B C:\Dokumente und Einstellungen\bensen\Eigene Dateien\homepages\holidayfarm\Rosnerbauer\bilder\screendesign_16-over.jpg --> www.bensen.at /html/Rosnerbauer/bilder screendesign_16-over.jpg
2005.12.08 09:17 B C:\Dokumente und Einstellungen\bensen\Eigene Dateien\homepages\holidayfarm\Rosnerbauer\bilder\screendesign_16.jpg --> www.bensen.at /html/Rosnerbauer/bilder screendesign_16.jpg
2005.12.08 09:17 B C:\Dokumente und Einstellungen\bensen\Eigene Dateien\homepages\holidayfarm\Rosnerbauer\bilder\screendesign_17.jpg --> www.bensen.at /html/Rosnerbauer/bilder screendesign_17.jpg
2005.12.08 09:17 B C:\Dokumente und Einstellungen\bensen\Eigene Dateien\homepages\holidayfarm\Rosnerbauer\bilder\screendesign_18-over.jpg --> www.bensen.at /html/Rosnerbauer/bilder screendesign_18-over.jpg
2005.12.08 09:17 B C:\Dokumente und Einstellungen\bensen\Eigene Dateien\homepages\holidayfarm\Rosnerbauer\bilder\screendesign_18.jpg --> www.bensen.at /html/Rosnerbauer/bilder screendesign_18.jpg
2005.12.08 09:17 B C:\Dokumente und Einstellungen\bensen\Eigene Dateien\homepages\holidayfarm\Rosnerbauer\bilder\screendesign_19.jpg --> www.bensen.at /html/Rosnerbauer/bilder screendesign_19.jpg
2005.12.08 09:17 B C:\Dokumente und Einstellungen\bensen\Eigene Dateien\homepages\holidayfarm\Rosnerbauer\bilder\screendesign_20-over.jpg --> www.bensen.at /html/Rosnerbauer/bilder screendesign_20-over.jpg
2005.12.08 09:17 B C:\Dokumente und Einstellungen\bensen\Eigene Dateien\homepages\holidayfarm\Rosnerbauer\bilder\screendesign_20.jpg --> www.bensen.at /html/Rosnerbauer/bilder screendesign_20.jpg
2005.12.08 09:17 B C:\Dokumente und Einstellungen\bensen\Eigene Dateien\homepages\holidayfarm\Rosnerbauer\bilder\ski.jpg --> www.bensen.at /html/Rosnerbauer/bilder ski.jpg
2005.12.08 09:17 B C:\Dokumente und Einstellungen\bensen\Eigene Dateien\homepages\holidayfarm\Rosnerbauer\bilder\sommer.jpg --> www.bensen.at /html/Rosnerbauer/bilder sommer.jpg
2005.12.08 09:17 B C:\Dokumente und Einstellungen\bensen\Eigene Dateien\homepages\holidayfarm\Rosnerbauer\bilder\spacer.gif --> www.bensen.at /html/Rosnerbauer/bilder spacer.gif
2005.12.08 09:17 B C:\Dokumente und Einstellungen\bensen\Eigene Dateien\homepages\holidayfarm\Rosnerbauer\bilder\spinneweis.png --> www.bensen.at /html/Rosnerbauer/bilder spinneweis.png
2005.12.08 09:17 B C:\Dokumente und Einstellungen\bensen\Eigene Dateien\homepages\holidayfarm\Rosnerbauer\bilder\Thumbs.db --> www.bensen.at /html/Rosnerbauer/bilder Thumbs.db
2005.12.08 09:17 B C:\Dokumente und Einstellungen\bensen\Eigene Dateien\homepages\holidayfarm\Rosnerbauer\bilder\willkommen_01.jpg --> www.bensen.at /html/Rosnerbauer/bilder willkommen_01.jpg
2005.12.08 09:17 B C:\Dokumente und Einstellungen\bensen\Eigene Dateien\homepages\holidayfarm\Rosnerbauer\bilder\willkommen_02.jpg --> www.bensen.at /html/Rosnerbauer/bilder willkommen_02.jpg
2005.12.08 09:17 B C:\Dokumente und Einstellungen\bensen\Eigene Dateien\homepages\holidayfarm\Rosnerbauer\bilder\willkommen_03.jpg --> www.bensen.at /html/Rosnerbauer/bilder willkommen_03.jpg
2005.12.08 09:17 B C:\Dokumente und Einstellungen\bensen\Eigene Dateien\homepages\holidayfarm\Rosnerbauer\bilder\willkommen_04.jpg --> www.bensen.at /html/Rosnerbauer/bilder willkommen_04.jpg
2005.12.08 09:17 B C:\Dokumente und Einstellungen\bensen\Eigene Dateien\homepages\holidayfarm\Rosnerbauer\bilder\winter.jpg --> www.bensen.at /html/Rosnerbauer/bilder winter.jpg
2005.12.08 09:17 B C:\Dokumente und Einstellungen\bensen\Eigene Dateien\homepages\holidayfarm\Rosnerbauer\bilder\WS_FTP.LOG --> www.bensen.at /html/Rosnerbauer/bilder WS_FTP.LOG
2005.12.08 11:07 B C:\Dokumente und Einstellungen\bensen\Eigene Dateien\homepages\holidayfarm\Rosnerbauer\bilder\lagebild1.jpg --> www.bensen.at /html/Rosnerbauer/bilder lagebild1.jpg
2005.12.08 11:07 B C:\Dokumente und Einstellungen\bensen\Eigene Dateien\homepages\holidayfarm\Rosnerbauer\bilder\lageplan.jpg --> www.bensen.at /html/Rosnerbauer/bilder lageplan.jpg
2005.12.08 13:55 B C:\Dokumente und Einstellungen\bensen\Eigene Dateien\homepages\holidayfarm\Rosnerbauer\bilder\finanz_01.jpg --> www.bensen.at /html/Rosnerbauer/bilder finanz_01.jpg
2005.12.08 13:55 B C:\Dokumente und Einstellungen\bensen\Eigene Dateien\homepages\holidayfarm\Rosnerbauer\bilder\finanz_02.jpg --> www.bensen.at /html/Rosnerbauer/bilder finanz_02.jpg
2005.12.08 13:55 B C:\Dokumente und Einstellungen\bensen\Eigene Dateien\homepages\holidayfarm\Rosnerbauer\bilder\finanz_03.jpg --> www.bensen.at /html/Rosnerbauer/bilder finanz_03.jpg
2005.12.08 13:55 B C:\Dokumente und Einstellungen\bensen\Eigene Dateien\homepages\holidayfarm\Rosnerbauer\bilder\finanz_04.jpg --> www.bensen.at /html/Rosnerbauer/bilder finanz_04.jpg
2005.12.08 14:36 B C:\Dokumente und Einstellungen\bensen\Eigene Dateien\homepages\holidayfarm\Rosnerbauer\bilder\appartement_01.jpg --> www.bensen.at /html/Rosnerbauer/bilder appartement_01.jpg
2005.12.08 14:36 B C:\Dokumente und Einstellungen\bensen\Eigene Dateien\homepages\holidayfarm\Rosnerbauer\bilder\appartement_02.jpg --> www.bensen.at /html/Rosnerbauer/bilder appartement_02.jpg
2005.12.08 14:36 B C:\Dokumente und Einstellungen\bensen\Eigene Dateien\homepages\holidayfarm\Rosnerbauer\bilder\appartement_03.jpg --> www.bensen.at /html/Rosnerbauer/bilder appartement_03.jpg
2005.12.08 14:36 B C:\Dokumente und Einstellungen\bensen\Eigene Dateien\homepages\holidayfarm\Rosnerbauer\bilder\appartement_04.jpg --> www.bensen.at /html/Rosnerbauer/bilder appartement_04.jpg
2005.12.08 14:52 B C:\Dokumente und Einstellungen\bensen\Eigene Dateien\homepages\holidayfarm\Rosnerbauer\bilder\lage_01.jpg --> www.bensen.at /html/Rosnerbauer/bilder lage_01.jpg
2005.12.08 14:52 B C:\Dokumente und Einstellungen\bensen\Eigene Dateien\homepages\holidayfarm\Rosnerbauer\bilder\lage_02.jpg --> www.bensen.at /html/Rosnerbauer/bilder lage_02.jpg
2005.12.08 14:52 B C:\Dokumente und Einstellungen\bensen\Eigene Dateien\homepages\holidayfarm\Rosnerbauer\bilder\lage_03.jpg --> www.bensen.at /html/Rosnerbauer/bilder lage_03.jpg
2005.12.08 14:52 B C:\Dokumente und Einstellungen\bensen\Eigene Dateien\homepages\holidayfarm\Rosnerbauer\bilder\lage_04.jpg --> www.bensen.at /html/Rosnerbauer/bilder lage_04.jpg
2005.12.09 06:20 B C:\Dokumente und Einstellungen\bensen\Eigene Dateien\homepages\holidayfarm\Rosnerbauer\bilder\appartement_01.jpg --> www.bensen.at /html/Rosnerbauer/bilder appartement_01.jpg
2005.12.09 06:20 B C:\Dokumente und Einstellungen\bensen\Eigene Dateien\homepages\holidayfarm\Rosnerbauer\bilder\appartement_02.jpg --> www.bensen.at /html/Rosnerbauer/bilder appartement_02.jpg
2005.12.09 06:20 B C:\Dokumente und Einstellungen\bensen\Eigene Dateien\homepages\holidayfarm\Rosnerbauer\bilder\appartement_03.jpg --> www.bensen.at /html/Rosnerbauer/bilder appartement_03.jpg
2005.12.09 06:20 B C:\Dokumente und Einstellungen\bensen\Eigene Dateien\homepages\holidayfarm\Rosnerbauer\bilder\appartement_04.jpg --> www.bensen.at /html/Rosnerbauer/bilder appartement_04.jpg
2005.12.09 08:12 B C:\Dokumente und Einstellungen\bensen\Eigene Dateien\homepages\holidayfarm\Rosnerbauer\bilder\appartement.html --> www.bensen.at /html/Rosnerbauer/bilder appartement.html
2005.12.09 08:12 B C:\Dokumente und Einstellungen\bensen\Eigene Dateien\homepages\holidayfarm\Rosnerbauer\bilder\appartement_01.jpg --> www.bensen.at /html/Rosnerbauer/bilder appartement_01.jpg
2005.12.09 08:12 B C:\Dokumente und Einstellungen\bensen\Eigene Dateien\homepages\holidayfarm\Rosnerbauer\bilder\appartement_02.jpg --> www.bensen.at /html/Rosnerbauer/bilder appartement_02.jpg
2005.12.09 08:12 B C:\Dokumente und Einstellungen\bensen\Eigene Dateien\homepages\holidayfarm\Rosnerbauer\bilder\appartement_03.jpg --> www.bensen.at /html/Rosnerbauer/bilder appartement_03.jpg
2005.12.09 08:12 B C:\Dokumente und Einstellungen\bensen\Eigene Dateien\homepages\holidayfarm\Rosnerbauer\bilder\appartement_04.jpg --> www.bensen.at /html/Rosnerbauer/bilder appartement_04.jpg
2005.12.09 08:12 B C:\Dokumente und Einstellungen\bensen\Eigene Dateien\homepages\holidayfarm\Rosnerbauer\bilder\baden1.jpg --> www.bensen.at /html/Rosnerbauer/bilder baden1.jpg
2005.12.09 08:12 B C:\Dokumente und Einstellungen\bensen\Eigene Dateien\homepages\holidayfarm\Rosnerbauer\bilder\finanz.html --> www.bensen.at /html/Rosnerbauer/bilder finanz.html
2005.12.09 08:12 B C:\Dokumente und Einstellungen\bensen\Eigene Dateien\homepages\holidayfarm\Rosnerbauer\bilder\finanz_01.jpg --> www.bensen.at /html/Rosnerbauer/bilder finanz_01.jpg
2005.12.09 08:12 B C:\Dokumente und Einstellungen\bensen\Eigene Dateien\homepages\holidayfarm\Rosnerbauer\bilder\finanz_02.jpg --> www.bensen.at /html/Rosnerbauer/bilder finanz_02.jpg
2005.12.09 08:12 B C:\Dokumente und Einstellungen\bensen\Eigene Dateien\homepages\holidayfarm\Rosnerbauer\bilder\finanz_03.jpg --> www.bensen.at /html/Rosnerbauer/bilder finanz_03.jpg
2005.12.09 08:12 B C:\Dokumente und Einstellungen\bensen\Eigene Dateien\homepages\holidayfarm\Rosnerbauer\bilder\finanz_04.jpg --> www.bensen.at /html/Rosnerbauer/bilder finanz_04.jpg
2005.12.09 08:12 B C:\Dokumente und Einstellungen\bensen\Eigene Dateien\homepages\holidayfarm\Rosnerbauer\bilder\Kirche.jpg --> www.bensen.at /html/Rosnerbauer/bilder Kirche.jpg
2005.12.09 08:12 B C:\Dokumente und Einstellungen\bensen\Eigene Dateien\homepages\holidayfarm\Rosnerbauer\bilder\lage_01.jpg --> www.bensen.at /html/Rosnerbauer/bilder lage_01.jpg
2005.12.09 08:12 B C:\Dokumente und Einstellungen\bensen\Eigene Dateien\homepages\holidayfarm\Rosnerbauer\bilder\lage_02.jpg --> www.bensen.at /html/Rosnerbauer/bilder lage_02.jpg
2005.12.09 08:12 B C:\Dokumente und Einstellungen\bensen\Eigene Dateien\homepages\holidayfarm\Rosnerbauer\bilder\lage_03.jpg --> www.bensen.at /html/Rosnerbauer/bilder lage_03.jpg
2005.12.09 08:12 B C:\Dokumente und Einstellungen\bensen\Eigene Dateien\homepages\holidayfarm\Rosnerbauer\bilder\lage_04.jpg --> www.bensen.at /html/Rosnerbauer/bilder lage_04.jpg
2005.12.09 08:12 B C:\Dokumente und Einstellungen\bensen\Eigene Dateien\homepages\holidayfarm\Rosnerbauer\bilder\langlauf.jpg --> www.bensen.at /html/Rosnerbauer/bilder langlauf.jpg
2005.12.09 08:12 B C:\Dokumente und Einstellungen\bensen\Eigene Dateien\homepages\holidayfarm\Rosnerbauer\bilder\pferdeschlitten.jpg --> www.bensen.at /html/Rosnerbauer/bilder pferdeschlitten.jpg
2005.12.09 08:12 B C:\Dokumente und Einstellungen\bensen\Eigene Dateien\homepages\holidayfarm\Rosnerbauer\bilder\rodeln.jpg --> www.bensen.at /html/Rosnerbauer/bilder rodeln.jpg
2005.12.09 08:12 B C:\Dokumente und Einstellungen\bensen\Eigene Dateien\homepages\holidayfarm\Rosnerbauer\bilder\ski2.jpg --> www.bensen.at /html/Rosnerbauer/bilder ski2.jpg
2005.12.09 08:12 B C:\Dokumente und Einstellungen\bensen\Eigene Dateien\homepages\holidayfarm\Rosnerbauer\bilder\snowboard.jpg --> www.bensen.at /html/Rosnerbauer/bilder snowboard.jpg
2005.12.09 08:12 B C:\Dokumente und Einstellungen\bensen\Eigene Dateien\homepages\holidayfarm\Rosnerbauer\bilder\sommerbild_01.jpg --> www.bensen.at /html/Rosnerbauer/bilder sommerbild_01.jpg
2005.12.09 08:12 B C:\Dokumente und Einstellungen\bensen\Eigene Dateien\homepages\holidayfarm\Rosnerbauer\bilder\sommerbild_02.jpg --> www.bensen.at /html/Rosnerbauer/bilder sommerbild_02.jpg
2005.12.09 08:12 B C:\Dokumente und Einstellungen\bensen\Eigene Dateien\homepages\holidayfarm\Rosnerbauer\bilder\sommerbild_03.jpg --> www.bensen.at /html/Rosnerbauer/bilder sommerbild_03.jpg
2005.12.09 08:12 B C:\Dokumente und Einstellungen\bensen\Eigene Dateien\homepages\holidayfarm\Rosnerbauer\bilder\sommerbild_04.jpg --> www.bensen.at /html/Rosnerbauer/bilder sommerbild_04.jpg
2005.12.09 08:13 B C:\Dokumente und Einstellungen\bensen\Eigene Dateien\homepages\holidayfarm\Rosnerbauer\bilder\Thumbs.db --> www.bensen.at /html/Rosnerbauer/bilder Thumbs.db
2005.12.09 08:13 B C:\Dokumente und Einstellungen\bensen\Eigene Dateien\homepages\holidayfarm\Rosnerbauer\bilder\Wandern1.jpg --> www.bensen.at /html/Rosnerbauer/bilder Wandern1.jpg
2005.12.09 08:13 B C:\Dokumente und Einstellungen\bensen\Eigene Dateien\homepages\holidayfarm\Rosnerbauer\bilder\winterbild_01.jpg --> www.bensen.at /html/Rosnerbauer/bilder winterbild_01.jpg
2005.12.09 08:13 B C:\Dokumente und Einstellungen\bensen\Eigene Dateien\homepages\holidayfarm\Rosnerbauer\bilder\winterbild_02.jpg --> www.bensen.at /html/Rosnerbauer/bilder winterbild_02.jpg
2005.12.09 08:13 B C:\Dokumente und Einstellungen\bensen\Eigene Dateien\homepages\holidayfarm\Rosnerbauer\bilder\winterbild_03.jpg --> www.bensen.at /html/Rosnerbauer/bilder winterbild_03.jpg
2005.12.09 08:13 B C:\Dokumente und Einstellungen\bensen\Eigene Dateien\homepages\holidayfarm\Rosnerbauer\bilder\winterbild_04.jpg --> www.bensen.at /html/Rosnerbauer/bilder winterbild_04.jpg
2006.01.06 08:31 B C:\Dokumente und Einstellungen\bensen\Eigene Dateien\homepages\holidayfarm\überspielt am 6.1 2006\bilder\WS_FTP.LOG <-- bensen /html/Rosnerbauer/bilder WS_FTP.LOG
2006.01.06 09:07 B C:\Dokumente und Einstellungen\bensen\Eigene Dateien\homepages\holidayfarm\überspielt am 6.1 2006\bilder\1.jpg --> www.holiday-farm.at /site/bilder 1.jpg
2006.01.06 09:07 B C:\Dokumente und Einstellungen\bensen\Eigene Dateien\homepages\holidayfarm\überspielt am 6.1 2006\bilder\1a.jpg --> www.holiday-farm.at /site/bilder 1a.jpg
2006.01.06 09:07 B C:\Dokumente und Einstellungen\bensen\Eigene Dateien\homepages\holidayfarm\überspielt am 6.1 2006\bilder\1gross.jpg --> www.holiday-farm.at /site/bilder 1gross.jpg
2006.01.06 09:07 B C:\Dokumente und Einstellungen\bensen\Eigene Dateien\homepages\holidayfarm\überspielt am 6.1 2006\bilder\2.jpg --> www.holiday-farm.at /site/bilder 2.jpg
2006.01.06 09:07 B C:\Dokumente und Einstellungen\bensen\Eigene Dateien\homepages\holidayfarm\überspielt am 6.1 2006\bilder\2a.jpg --> www.holiday-farm.at /site/bilder 2a.jpg
2006.01.06 09:07 B C:\Dokumente und Einstellungen\bensen\Eigene Dateien\homepages\holidayfarm\überspielt am 6.1 2006\bilder\2a1.jpg --> www.holiday-farm.at /site/bilder 2a1.jpg
2006.01.06 09:07 B C:\Dokumente und Einstellungen\bensen\Eigene Dateien\homepages\holidayfarm\überspielt am 6.1 2006\bilder\A1.jpg --> www.holiday-farm.at /site/bilder A1.jpg
2006.01.06 09:07 B C:\Dokumente und Einstellungen\bensen\Eigene Dateien\homepages\holidayfarm\überspielt am 6.1 2006\bilder\A2.jpg --> www.holiday-farm.at /site/bilder A2.jpg
2006.01.06 09:07 B C:\Dokumente und Einstellungen\bensen\Eigene Dateien\homepages\holidayfarm\überspielt am 6.1 2006\bilder\appartement.html --> www.holiday-farm.at /site/bilder appartement.html
2006.01.06 09:07 B C:\Dokumente und Einstellungen\bensen\Eigene Dateien\homepages\holidayfarm\überspielt am 6.1 2006\bilder\appartement_01.jpg --> www.holiday-farm.at /site/bilder appartement_01.jpg
2006.01.06 09:07 B C:\Dokumente und Einstellungen\bensen\Eigene Dateien\homepages\holidayfarm\überspielt am 6.1 2006\bilder\appartement_02.jpg --> www.holiday-farm.at /site/bilder appartement_02.jpg
2006.01.06 09:07 B C:\Dokumente und Einstellungen\bensen\Eigene Dateien\homepages\holidayfarm\überspielt am 6.1 2006\bilder\appartement_03.jpg --> www.holiday-farm.at /site/bilder appartement_03.jpg
2006.01.06 09:07 B C:\Dokumente und Einstellungen\bensen\Eigene Dateien\homepages\holidayfarm\überspielt am 6.1 2006\bilder\appartement_04.jpg --> www.holiday-farm.at /site/bilder appartement_04.jpg
2006.01.06 09:07 B C:\Dokumente und Einstellungen\bensen\Eigene Dateien\homepages\holidayfarm\überspielt am 6.1 2006\bilder\aussensommer.jpg --> www.holiday-farm.at /site/bilder aussensommer.jpg
2006.01.06 09:07 B C:\Dokumente und Einstellungen\bensen\Eigene Dateien\homepages\holidayfarm\überspielt am 6.1 2006\bilder\b1_01.jpg --> www.holiday-farm.at /site/bilder b1_01.jpg
2006.01.06 09:07 B C:\Dokumente und Einstellungen\bensen\Eigene Dateien\homepages\holidayfarm\überspielt am 6.1 2006\bilder\b1_02.jpg --> www.holiday-farm.at /site/bilder b1_02.jpg
2006.01.06 09:07 B C:\Dokumente und Einstellungen\bensen\Eigene Dateien\homepages\holidayfarm\überspielt am 6.1 2006\bilder\b1_03.jpg --> www.holiday-farm.at /site/bilder b1_03.jpg
2006.01.06 09:07 B C:\Dokumente und Einstellungen\bensen\Eigene Dateien\homepages\holidayfarm\überspielt am 6.1 2006\bilder\b1_04.jpg --> www.holiday-farm.at /site/bilder b1_04.jpg
2006.01.06 09:07 B C:\Dokumente und Einstellungen\bensen\Eigene Dateien\homepages\holidayfarm\überspielt am 6.1 2006\bilder\b2_01.jpg --> www.holiday-farm.at /site/bilder b2_01.jpg
2006.01.06 09:07 B C:\Dokumente und Einstellungen\bensen\Eigene Dateien\homepages\holidayfarm\überspielt am 6.1 2006\bilder\b2_02.jpg --> www.holiday-farm.at /site/bilder b2_02.jpg
2006.01.06 09:07 B C:\Dokumente und Einstellungen\bensen\Eigene Dateien\homepages\holidayfarm\überspielt am 6.1 2006\bilder\b2_03.jpg --> www.holiday-farm.at /site/bilder b2_03.jpg
2006.01.06 09:07 B C:\Dokumente und Einstellungen\bensen\Eigene Dateien\homepages\holidayfarm\überspielt am 6.1 2006\bilder\b2_04.jpg --> www.holiday-farm.at /site/bilder b2_04.jpg
2006.01.06 09:07 B C:\Dokumente und Einstellungen\bensen\Eigene Dateien\homepages\holidayfarm\überspielt am 6.1 2006\bilder\b4_01.jpg --> www.holiday-farm.at /site/bilder b4_01.jpg
2006.01.06 09:07 B C:\Dokumente und Einstellungen\bensen\Eigene Dateien\homepages\holidayfarm\überspielt am 6.1 2006\bilder\b4_02.jpg --> www.holiday-farm.at /site/bilder b4_02.jpg
2006.01.06 09:07 B C:\Dokumente und Einstellungen\bensen\Eigene Dateien\homepages\holidayfarm\überspielt am 6.1 2006\bilder\b4_03.jpg --> www.holiday-farm.at /site/bilder b4_03.jpg
2006.01.06 09:07 B C:\Dokumente und Einstellungen\bensen\Eigene Dateien\homepages\holidayfarm\überspielt am 6.1 2006\bilder\b4_04.jpg --> www.holiday-farm.at /site/bilder b4_04.jpg
2006.01.06 09:07 B C:\Dokumente und Einstellungen\bensen\Eigene Dateien\homepages\holidayfarm\überspielt am 6.1 2006\bilder\b5_01.jpg --> www.holiday-farm.at /site/bilder b5_01.jpg
2006.01.06 09:07 B C:\Dokumente und Einstellungen\bensen\Eigene Dateien\homepages\holidayfarm\überspielt am 6.1 2006\bilder\b5_02.jpg --> www.holiday-farm.at /site/bilder b5_02.jpg
2006.01.06 09:07 B C:\Dokumente und Einstellungen\bensen\Eigene Dateien\homepages\holidayfarm\überspielt am 6.1 2006\bilder\b5_03.jpg --> www.holiday-farm.at /site/bilder b5_03.jpg
2006.01.06 09:07 B C:\Dokumente und Einstellungen\bensen\Eigene Dateien\homepages\holidayfarm\überspielt am 6.1 2006\bilder\b5_04.jpg --> www.holiday-farm.at /site/bilder b5_04.jpg
2006.01.06 09:07 B C:\Dokumente und Einstellungen\bensen\Eigene Dateien\homepages\holidayfarm\überspielt am 6.1 2006\bilder\b6_01.jpg --> www.holiday-farm.at /site/bilder b6_01.jpg
2006.01.06 09:07 B C:\Dokumente und Einstellungen\bensen\Eigene Dateien\homepages\holidayfarm\überspielt am 6.1 2006\bilder\b6_02.jpg --> www.holiday-farm.at /site/bilder b6_02.jpg
2006.01.06 09:08 B C:\Dokumente und Einstellungen\bensen\Eigene Dateien\homepages\holidayfarm\überspielt am 6.1 2006\bilder\b6_03.jpg --> www.holiday-farm.at /site/bilder b6_03.jpg
2006.01.06 09:08 B C:\Dokumente und Einstellungen\bensen\Eigene Dateien\homepages\holidayfarm\überspielt am 6.1 2006\bilder\b6_04.jpg --> www.holiday-farm.at /site/bilder b6_04.jpg
2006.01.06 09:08 B C:\Dokumente und Einstellungen\bensen\Eigene Dateien\homepages\holidayfarm\überspielt am 6.1 2006\bilder\b7_01.jpg --> www.holiday-farm.at /site/bilder b7_01.jpg
2006.01.06 09:08 B C:\Dokumente und Einstellungen\bensen\Eigene Dateien\homepages\holidayfarm\überspielt am 6.1 2006\bilder\b7_02.jpg --> www.holiday-farm.at /site/bilder b7_02.jpg
2006.01.06 09:08 B C:\Dokumente und Einstellungen\bensen\Eigene Dateien\homepages\holidayfarm\überspielt am 6.1 2006\bilder\b7_03.jpg --> www.holiday-farm.at /site/bilder b7_03.jpg
2006.01.06 09:08 B C:\Dokumente und Einstellungen\bensen\Eigene Dateien\homepages\holidayfarm\überspielt am 6.1 2006\bilder\b7_04.jpg --> www.holiday-farm.at /site/bilder b7_04.jpg
2006.01.06 09:08 B C:\Dokumente und Einstellungen\bensen\Eigene Dateien\homepages\holidayfarm\überspielt am 6.1 2006\bilder\baden1.jpg --> www.holiday-farm.at /site/bilder baden1.jpg
2006.01.06 09:08 B C:\Dokumente und Einstellungen\bensen\Eigene Dateien\homepages\holidayfarm\überspielt am 6.1 2006\bilder\buttons_06.jpg --> www.holiday-farm.at /site/bilder buttons_06.jpg
2006.01.06 09:08 B C:\Dokumente und Einstellungen\bensen\Eigene Dateien\homepages\holidayfarm\überspielt am 6.1 2006\bilder\buttons_07-over.jpg --> www.holiday-farm.at /site/bilder buttons_07-over.jpg
2006.01.06 09:08 B C:\Dokumente und Einstellungen\bensen\Eigene Dateien\homepages\holidayfarm\überspielt am 6.1 2006\bilder\buttons_07.jpg --> www.holiday-farm.at /site/bilder buttons_07.jpg
2006.01.06 09:08 B C:\Dokumente und Einstellungen\bensen\Eigene Dateien\homepages\holidayfarm\überspielt am 6.1 2006\bilder\buttons_08.jpg --> www.holiday-farm.at /site/bilder buttons_08.jpg
2006.01.06 09:08 B C:\Dokumente und Einstellungen\bensen\Eigene Dateien\homepages\holidayfarm\überspielt am 6.1 2006\bilder\buttons_09-over.jpg --> www.holiday-farm.at /site/bilder buttons_09-over.jpg
2006.01.06 09:08 B C:\Dokumente und Einstellungen\bensen\Eigene Dateien\homepages\holidayfarm\überspielt am 6.1 2006\bilder\buttons_09.jpg --> www.holiday-farm.at /site/bilder buttons_09.jpg
2006.01.06 09:08 B C:\Dokumente und Einstellungen\bensen\Eigene Dateien\homepages\holidayfarm\überspielt am 6.1 2006\bilder\buttons_10-over.jpg --> www.holiday-farm.at /site/bilder buttons_10-over.jpg
2006.01.06 09:08 B C:\Dokumente und Einstellungen\bensen\Eigene Dateien\homepages\holidayfarm\überspielt am 6.1 2006\bilder\buttons_10.jpg --> www.holiday-farm.at /site/bilder buttons_10.jpg
2006.01.06 09:08 B C:\Dokumente und Einstellungen\bensen\Eigene Dateien\homepages\holidayfarm\überspielt am 6.1 2006\bilder\buttons_11-over.jpg --> www.holiday-farm.at /site/bilder buttons_11-over.jpg
2006.01.06 09:08 B C:\Dokumente und Einstellungen\bensen\Eigene Dateien\homepages\holidayfarm\überspielt am 6.1 2006\bilder\buttons_11.jpg --> www.holiday-farm.at /site/bilder buttons_11.jpg
2006.01.06 09:08 B C:\Dokumente und Einstellungen\bensen\Eigene Dateien\homepages\holidayfarm\überspielt am 6.1 2006\bilder\buttons_12-over.jpg --> www.holiday-farm.at /site/bilder buttons_12-over.jpg
2006.01.06 09:08 B C:\Dokumente und Einstellungen\bensen\Eigene Dateien\homepages\holidayfarm\überspielt am 6.1 2006\bilder\buttons_12.jpg --> www.holiday-farm.at /site/bilder buttons_12.jpg
2006.01.06 09:09 B C:\Dokumente und Einstellungen\bensen\Eigene Dateien\homepages\holidayfarm\überspielt am 6.1 2006\bilder\buttons_13-over.jpg --> www.holiday-farm.at /site/bilder buttons_13-over.jpg
2006.01.06 09:43 B C:\Dokumente und Einstellungen\bensen\Eigene Dateien\homepages\holidayfarm\überspielt am 6.1 2006\bilder\1.jpg --> www.holiday-farm.at /site/bilder 1.jpg
2006.01.06 09:43 B C:\Dokumente und Einstellungen\bensen\Eigene Dateien\homepages\holidayfarm\überspielt am 6.1 2006\bilder\1a.jpg --> www.holiday-farm.at /site/bilder 1a.jpg
2006.01.06 09:43 B C:\Dokumente und Einstellungen\bensen\Eigene Dateien\homepages\holidayfarm\überspielt am 6.1 2006\bilder\1gross.jpg --> www.holiday-farm.at /site/bilder 1gross.jpg
2006.01.06 09:43 B C:\Dokumente und Einstellungen\bensen\Eigene Dateien\homepages\holidayfarm\überspielt am 6.1 2006\bilder\2.jpg --> www.holiday-farm.at /site/bilder 2.jpg
2006.01.06 09:43 B C:\Dokumente und Einstellungen\bensen\Eigene Dateien\homepages\holidayfarm\überspielt am 6.1 2006\bilder\2a.jpg --> www.holiday-farm.at /site/bilder 2a.jpg
2006.01.06 09:43 B C:\Dokumente und Einstellungen\bensen\Eigene Dateien\homepages\holidayfarm\überspielt am 6.1 2006\bilder\2a1.jpg --> www.holiday-farm.at /site/bilder 2a1.jpg
2006.01.06 09:43 B C:\Dokumente und Einstellungen\bensen\Eigene Dateien\homepages\holidayfarm\überspielt am 6.1 2006\bilder\A1.jpg --> www.holiday-farm.at /site/bilder A1.jpg
2006.01.06 09:43 B C:\Dokumente und Einstellungen\bensen\Eigene Dateien\homepages\holidayfarm\überspielt am 6.1 2006\bilder\A2.jpg --> www.holiday-farm.at /site/bilder A2.jpg
2006.01.06 09:43 B C:\Dokumente und Einstellungen\bensen\Eigene Dateien\homepages\holidayfarm\überspielt am 6.1 2006\bilder\appartement.html --> www.holiday-farm.at /site/bilder appartement.html
2006.01.06 09:43 B C:\Dokumente und Einstellungen\bensen\Eigene Dateien\homepages\holidayfarm\überspielt am 6.1 2006\bilder\appartement_01.jpg --> www.holiday-farm.at /site/bilder appartement_01.jpg
2006.01.06 09:43 B C:\Dokumente und Einstellungen\bensen\Eigene Dateien\homepages\holidayfarm\überspielt am 6.1 2006\bilder\appartement_02.jpg --> www.holiday-farm.at /site/bilder appartement_02.jpg
2006.01.06 09:43 B C:\Dokumente und Einstellungen\bensen\Eigene Dateien\homepages\holidayfarm\überspielt am 6.1 2006\bilder\appartement_03.jpg --> www.holiday-farm.at /site/bilder appartement_03.jpg
2006.01.06 09:43 B C:\Dokumente und Einstellungen\bensen\Eigene Dateien\homepages\holidayfarm\überspielt am 6.1 2006\bilder\appartement_04.jpg --> www.holiday-farm.at /site/bilder appartement_04.jpg
2006.01.06 09:43 B C:\Dokumente und Einstellungen\bensen\Eigene Dateien\homepages\holidayfarm\überspielt am 6.1 2006\bilder\aussensommer.jpg --> www.holiday-farm.at /site/bilder aussensommer.jpg
2006.01.06 09:43 B C:\Dokumente und Einstellungen\bensen\Eigene Dateien\homepages\holidayfarm\überspielt am 6.1 2006\bilder\b1_01.jpg --> www.holiday-farm.at /site/bilder b1_01.jpg
2006.01.06 09:43 B C:\Dokumente und Einstellungen\bensen\Eigene Dateien\homepages\holidayfarm\überspielt am 6.1 2006\bilder\b1_02.jpg --> www.holiday-farm.at /site/bilder b1_02.jpg
2006.01.06 09:43 B C:\Dokumente und Einstellungen\bensen\Eigene Dateien\homepages\holidayfarm\überspielt am 6.1 2006\bilder\b1_03.jpg --> www.holiday-farm.at /site/bilder b1_03.jpg
2006.01.06 09:43 B C:\Dokumente und Einstellungen\bensen\Eigene Dateien\homepages\holidayfarm\überspielt am 6.1 2006\bilder\b1_04.jpg --> www.holiday-farm.at /site/bilder b1_04.jpg
2006.01.06 09:43 B C:\Dokumente und Einstellungen\bensen\Eigene Dateien\homepages\holidayfarm\überspielt am 6.1 2006\bilder\b2_01.jpg --> www.holiday-farm.at /site/bilder b2_01.jpg
2006.01.06 09:43 B C:\Dokumente und Einstellungen\bensen\Eigene Dateien\homepages\holidayfarm\überspielt am 6.1 2006\bilder\b2_02.jpg --> www.holiday-farm.at /site/bilder b2_02.jpg
2006.01.06 09:43 B C:\Dokumente und Einstellungen\bensen\Eigene Dateien\homepages\holidayfarm\überspielt am 6.1 2006\bilder\b2_03.jpg --> www.holiday-farm.at /site/bilder b2_03.jpg
2006.01.06 09:43 B C:\Dokumente und Einstellungen\bensen\Eigene Dateien\homepages\holidayfarm\überspielt am 6.1 2006\bilder\b2_04.jpg --> www.holiday-farm.at /site/bilder b2_04.jpg
2006.01.06 09:43 B C:\Dokumente und Einstellungen\bensen\Eigene Dateien\homepages\holidayfarm\überspielt am 6.1 2006\bilder\b4_01.jpg --> www.holiday-farm.at /site/bilder b4_01.jpg
2006.01.06 09:43 B C:\Dokumente und Einstellungen\bensen\Eigene Dateien\homepages\holidayfarm\überspielt am 6.1 2006\bilder\b4_02.jpg --> www.holiday-farm.at /site/bilder b4_02.jpg
2006.01.06 09:43 B C:\Dokumente und Einstellungen\bensen\Eigene Dateien\homepages\holidayfarm\überspielt am 6.1 2006\bilder\b4_03.jpg --> www.holiday-farm.at /site/bilder b4_03.jpg
2006.01.06 09:43 B C:\Dokumente und Einstellungen\bensen\Eigene Dateien\homepages\holidayfarm\überspielt am 6.1 2006\bilder\b4_04.jpg --> www.holiday-farm.at /site/bilder b4_04.jpg
2006.01.06 09:43 B C:\Dokumente und Einstellungen\bensen\Eigene Dateien\homepages\holidayfarm\überspielt am 6.1 2006\bilder\b5_01.jpg --> www.holiday-farm.at /site/bilder b5_01.jpg
2006.01.06 09:43 B C:\Dokumente und Einstellungen\bensen\Eigene Dateien\homepages\holidayfarm\überspielt am 6.1 2006\bilder\b5_02.jpg --> www.holiday-farm.at /site/bilder b5_02.jpg
2006.01.06 09:43 B C:\Dokumente und Einstellungen\bensen\Eigene Dateien\homepages\holidayfarm\überspielt am 6.1 2006\bilder\b5_03.jpg --> www.holiday-farm.at /site/bilder b5_03.jpg
2006.01.06 09:43 B C:\Dokumente und Einstellungen\bensen\Eigene Dateien\homepages\holidayfarm\überspielt am 6.1 2006\bilder\b5_04.jpg --> www.holiday-farm.at /site/bilder b5_04.jpg
2006.01.06 09:43 B C:\Dokumente und Einstellungen\bensen\Eigene Dateien\homepages\holidayfarm\überspielt am 6.1 2006\bilder\b6_01.jpg --> www.holiday-farm.at /site/bilder b6_01.jpg
2006.01.06 09:43 B C:\Dokumente und Einstellungen\bensen\Eigene Dateien\homepages\holidayfarm\überspielt am 6.1 2006\bilder\b6_02.jpg --> www.holiday-farm.at /site/bilder b6_02.jpg
2006.01.06 09:43 B C:\Dokumente und Einstellungen\bensen\Eigene Dateien\homepages\holidayfarm\überspielt am 6.1 2006\bilder\b6_03.jpg --> www.holiday-farm.at /site/bilder b6_03.jpg
2006.01.06 09:43 B C:\Dokumente und Einstellungen\bensen\Eigene Dateien\homepages\holidayfarm\überspielt am 6.1 2006\bilder\b6_04.jpg --> www.holiday-farm.at /site/bilder b6_04.jpg
2006.01.06 09:43 B C:\Dokumente und Einstellungen\bensen\Eigene Dateien\homepages\holidayfarm\überspielt am 6.1 2006\bilder\b7_01.jpg --> www.holiday-farm.at /site/bilder b7_01.jpg
2006.01.06 09:43 B C:\Dokumente und Einstellungen\bensen\Eigene Dateien\homepages\holidayfarm\überspielt am 6.1 2006\bilder\b7_02.jpg --> www.holiday-farm.at /site/bilder b7_02.jpg
2006.01.06 09:43 B C:\Dokumente und Einstellungen\bensen\Eigene Dateien\homepages\holidayfarm\überspielt am 6.1 2006\bilder\b7_03.jpg --> www.holiday-farm.at /site/bilder b7_03.jpg
2006.01.06 09:43 B C:\Dokumente und Einstellungen\bensen\Eigene Dateien\homepages\holidayfarm\überspielt am 6.1 2006\bilder\b7_04.jpg --> www.holiday-farm.at /site/bilder b7_04.jpg
2006.01.06 09:43 B C:\Dokumente und Einstellungen\bensen\Eigene Dateien\homepages\holidayfarm\überspielt am 6.1 2006\bilder\baden1.jpg --> www.holiday-farm.at /site/bilder baden1.jpg
2006.01.06 09:43 B C:\Dokumente und Einstellungen\bensen\Eigene Dateien\homepages\holidayfarm\überspielt am 6.1 2006\bilder\buttons_06.jpg --> www.holiday-farm.at /site/bilder buttons_06.jpg
2006.01.06 09:43 B C:\Dokumente und Einstellungen\bensen\Eigene Dateien\homepages\holidayfarm\überspielt am 6.1 2006\bilder\buttons_07-over.jpg --> www.holiday-farm.at /site/bilder buttons_07-over.jpg
2006.01.06 09:43 B C:\Dokumente und Einstellungen\bensen\Eigene Dateien\homepages\holidayfarm\überspielt am 6.1 2006\bilder\buttons_07.jpg --> www.holiday-farm.at /site/bilder buttons_07.jpg
2006.01.06 09:43 B C:\Dokumente und Einstellungen\bensen\Eigene Dateien\homepages\holidayfarm\überspielt am 6.1 2006\bilder\buttons_08.jpg --> www.holiday-farm.at /site/bilder buttons_08.jpg
2006.01.06 09:43 B C:\Dokumente und Einstellungen\bensen\Eigene Dateien\homepages\holidayfarm\überspielt am 6.1 2006\bilder\buttons_09-over.jpg --> www.holiday-farm.at /site/bilder buttons_09-over.jpg
2006.01.06 09:43 B C:\Dokumente und Einstellungen\bensen\Eigene Dateien\homepages\holidayfarm\überspielt am 6.1 2006\bilder\buttons_09.jpg --> www.holiday-farm.at /site/bilder buttons_09.jpg
2006.01.06 09:43 B C:\Dokumente und Einstellungen\bensen\Eigene Dateien\homepages\holidayfarm\überspielt am 6.1 2006\bilder\buttons_10-over.jpg --> www.holiday-farm.at /site/bilder buttons_10-over.jpg
2006.01.06 09:43 B C:\Dokumente und Einstellungen\bensen\Eigene Dateien\homepages\holidayfarm\überspielt am 6.1 2006\bilder\buttons_10.jpg --> www.holiday-farm.at /site/bilder buttons_10.jpg
2006.01.06 09:43 B C:\Dokumente und Einstellungen\bensen\Eigene Dateien\homepages\holidayfarm\überspielt am 6.1 2006\bilder\buttons_11-over.jpg --> www.holiday-farm.at /site/bilder buttons_11-over.jpg
2006.01.06 09:43 B C:\Dokumente und Einstellungen\bensen\Eigene Dateien\homepages\holidayfarm\überspielt am 6.1 2006\bilder\buttons_11.jpg --> www.holiday-farm.at /site/bilder buttons_11.jpg
2006.01.06 09:43 B C:\Dokumente und Einstellungen\bensen\Eigene Dateien\homepages\holidayfarm\überspielt am 6.1 2006\bilder\buttons_12-over.jpg --> www.holiday-farm.at /site/bilder buttons_12-over.jpg
2006.01.06 09:43 B C:\Dokumente und Einstellungen\bensen\Eigene Dateien\homepages\holidayfarm\überspielt am 6.1 2006\bilder\buttons_12.jpg --> www.holiday-farm.at /site/bilder buttons_12.jpg
2006.01.06 09:43 B C:\Dokumente und Einstellungen\bensen\Eigene Dateien\homepages\holidayfarm\überspielt am 6.1 2006\bilder\buttons_13-over.jpg --> www.holiday-farm.at /site/bilder buttons_13-over.jpg
2006.01.06 09:43 B C:\Dokumente und Einstellungen\bensen\Eigene Dateien\homepages\holidayfarm\überspielt am 6.1 2006\bilder\buttons_13.jpg --> www.holiday-farm.at /site/bilder buttons_13.jpg
2006.01.06 09:43 B C:\Dokumente und Einstellungen\bensen\Eigene Dateien\homepages\holidayfarm\überspielt am 6.1 2006\bilder\buttons_14-over.jpg --> www.holiday-farm.at /site/bilder buttons_14-over.jpg
2006.01.06 09:43 B C:\Dokumente und Einstellungen\bensen\Eigene Dateien\homepages\holidayfarm\überspielt am 6.1 2006\bilder\buttons_14.jpg --> www.holiday-farm.at /site/bilder buttons_14.jpg
2006.01.06 09:43 B C:\Dokumente und Einstellungen\bensen\Eigene Dateien\homepages\holidayfarm\überspielt am 6.1 2006\bilder\buttons_15-over.jpg --> www.holiday-farm.at /site/bilder buttons_15-over.jpg
2006.01.06 09:43 B C:\Dokumente und Einstellungen\bensen\Eigene Dateien\homepages\holidayfarm\überspielt am 6.1 2006\bilder\buttons_15.jpg --> www.holiday-farm.at /site/bilder buttons_15.jpg
2006.01.06 09:43 B C:\Dokumente und Einstellungen\bensen\Eigene Dateien\homepages\holidayfarm\überspielt am 6.1 2006\bilder\buttons_16-over.jpg --> www.holiday-farm.at /site/bilder buttons_16-over.jpg
2006.01.06 09:43 B C:\Dokumente und Einstellungen\bensen\Eigene Dateien\homepages\holidayfarm\überspielt am 6.1 2006\bilder\buttons_16.jpg --> www.holiday-farm.at /site/bilder buttons_16.jpg
2006.01.06 09:43 B C:\Dokumente und Einstellungen\bensen\Eigene Dateien\homepages\holidayfarm\überspielt am 6.1 2006\bilder\buttons_17-over.jpg --> www.holiday-farm.at /site/bilder buttons_17-over.jpg
2006.01.06 09:43 B C:\Dokumente und Einstellungen\bensen\Eigene Dateien\homepages\holidayfarm\überspielt am 6.1 2006\bilder\buttons_17.jpg --> www.holiday-farm.at /site/bilder buttons_17.jpg
2006.01.06 09:43 B C:\Dokumente und Einstellungen\bensen\Eigene Dateien\homepages\holidayfarm\überspielt am 6.1 2006\bilder\buttons_18-over.jpg --> www.holiday-farm.at /site/bilder buttons_18-over.jpg
2006.01.06 09:43 B C:\Dokumente und Einstellungen\bensen\Eigene Dateien\homepages\holidayfarm\überspielt am 6.1 2006\bilder\buttons_18.jpg --> www.holiday-farm.at /site/bilder buttons_18.jpg
2006.01.06 09:43 B C:\Dokumente und Einstellungen\bensen\Eigene Dateien\homepages\holidayfarm\überspielt am 6.1 2006\bilder\buttons_19-over.jpg --> www.holiday-farm.at /site/bilder buttons_19-over.jpg
2006.01.06 09:44 B C:\Dokumente und Einstellungen\bensen\Eigene Dateien\homepages\holidayfarm\überspielt am 6.1 2006\bilder\buttons_19.jpg --> www.holiday-farm.at /site/bilder buttons_19.jpg
2006.01.06 09:44 B C:\Dokumente und Einstellungen\bensen\Eigene Dateien\homepages\holidayfarm\überspielt am 6.1 2006\bilder\buttons_20-over.jpg --> www.holiday-farm.at /site/bilder buttons_20-over.jpg
2006.01.06 09:44 B C:\Dokumente und Einstellungen\bensen\Eigene Dateien\homepages\holidayfarm\überspielt am 6.1 2006\bilder\buttons_20.jpg --> www.holiday-farm.at /site/bilder buttons_20.jpg
2006.01.06 09:44 B C:\Dokumente und Einstellungen\bensen\Eigene Dateien\homepages\holidayfarm\überspielt am 6.1 2006\bilder\buttons_21.jpg --> www.holiday-farm.at /site/bilder buttons_21.jpg
2006.01.06 09:44 B C:\Dokumente und Einstellungen\bensen\Eigene Dateien\homepages\holidayfarm\überspielt am 6.1 2006\bilder\buttons_22-over.jpg --> www.holiday-farm.at /site/bilder buttons_22-over.jpg
2006.01.06 09:44 B C:\Dokumente und Einstellungen\bensen\Eigene Dateien\homepages\holidayfarm\überspielt am 6.1 2006\bilder\buttons_22.jpg --> www.holiday-farm.at /site/bilder buttons_22.jpg
2006.01.06 09:44 B C:\Dokumente und Einstellungen\bensen\Eigene Dateien\homepages\holidayfarm\überspielt am 6.1 2006\bilder\buttons_23.jpg --> www.holiday-farm.at /site/bilder buttons_23.jpg
2006.01.06 09:44 B C:\Dokumente und Einstellungen\bensen\Eigene Dateien\homepages\holidayfarm\überspielt am 6.1 2006\bilder\buttons_24-over.jpg --> www.holiday-farm.at /site/bilder buttons_24-over.jpg
2006.01.06 09:44 B C:\Dokumente und Einstellungen\bensen\Eigene Dateien\homepages\holidayfarm\überspielt am 6.1 2006\bilder\buttons_24.jpg --> www.holiday-farm.at /site/bilder buttons_24.jpg
2006.01.06 09:44 B C:\Dokumente und Einstellungen\bensen\Eigene Dateien\homepages\holidayfarm\überspielt am 6.1 2006\bilder\buttons_25.jpg --> www.holiday-farm.at /site/bilder buttons_25.jpg
2006.01.06 09:44 B C:\Dokumente und Einstellungen\bensen\Eigene Dateien\homepages\holidayfarm\überspielt am 6.1 2006\bilder\buttons_26.jpg --> www.holiday-farm.at /site/bilder buttons_26.jpg
2006.01.06 09:44 B C:\Dokumente und Einstellungen\bensen\Eigene Dateien\homepages\holidayfarm\überspielt am 6.1 2006\bilder\dusched.jpg --> www.holiday-farm.at /site/bilder dusched.jpg
2006.01.06 09:44 B C:\Dokumente und Einstellungen\bensen\Eigene Dateien\homepages\holidayfarm\überspielt am 6.1 2006\bilder\e1.jpg --> www.holiday-farm.at /site/bilder e1.jpg
2006.01.06 09:44 B C:\Dokumente und Einstellungen\bensen\Eigene Dateien\homepages\holidayfarm\überspielt am 6.1 2006\bilder\finanz.html --> www.holiday-farm.at /site/bilder finanz.html
2006.01.06 09:44 B C:\Dokumente und Einstellungen\bensen\Eigene Dateien\homepages\holidayfarm\überspielt am 6.1 2006\bilder\finanz_01.jpg --> www.holiday-farm.at /site/bilder finanz_01.jpg
2006.01.06 09:44 B C:\Dokumente und Einstellungen\bensen\Eigene Dateien\homepages\holidayfarm\überspielt am 6.1 2006\bilder\finanz_02.jpg --> www.holiday-farm.at /site/bilder finanz_02.jpg
2006.01.06 09:44 B C:\Dokumente und Einstellungen\bensen\Eigene Dateien\homepages\holidayfarm\überspielt am 6.1 2006\bilder\finanz_03.jpg --> www.holiday-farm.at /site/bilder finanz_03.jpg
2006.01.06 09:44 B C:\Dokumente und Einstellungen\bensen\Eigene Dateien\homepages\holidayfarm\überspielt am 6.1 2006\bilder\finanz_04.jpg --> www.holiday-farm.at /site/bilder finanz_04.jpg
2006.01.06 09:44 B C:\Dokumente und Einstellungen\bensen\Eigene Dateien\homepages\holidayfarm\überspielt am 6.1 2006\bilder\head_01.jpg --> www.holiday-farm.at /site/bilder head_01.jpg
2006.01.06 09:44 B C:\Dokumente und Einstellungen\bensen\Eigene Dateien\homepages\holidayfarm\überspielt am 6.1 2006\bilder\head_02.jpg --> www.holiday-farm.at /site/bilder head_02.jpg
2006.01.06 09:44 B C:\Dokumente und Einstellungen\bensen\Eigene Dateien\homepages\holidayfarm\überspielt am 6.1 2006\bilder\head_03.jpg --> www.holiday-farm.at /site/bilder head_03.jpg
2006.01.06 09:44 B C:\Dokumente und Einstellungen\bensen\Eigene Dateien\homepages\holidayfarm\überspielt am 6.1 2006\bilder\head_04.jpg --> www.holiday-farm.at /site/bilder head_04.jpg
2006.01.06 09:44 B C:\Dokumente und Einstellungen\bensen\Eigene Dateien\homepages\holidayfarm\überspielt am 6.1 2006\bilder\head_05.jpg --> www.holiday-farm.at /site/bilder head_05.jpg
2006.01.06 09:44 B C:\Dokumente und Einstellungen\bensen\Eigene Dateien\homepages\holidayfarm\überspielt am 6.1 2006\bilder\hgr_21.jpg --> www.holiday-farm.at /site/bilder hgr_21.jpg
2006.01.06 09:44 B C:\Dokumente und Einstellungen\bensen\Eigene Dateien\homepages\holidayfarm\überspielt am 6.1 2006\bilder\hgrbuttons_08.jpg --> www.holiday-farm.at /site/bilder hgrbuttons_08.jpg
2006.01.06 09:44 B C:\Dokumente und Einstellungen\bensen\Eigene Dateien\homepages\holidayfarm\überspielt am 6.1 2006\bilder\hgrbuttons_26.jpg --> www.holiday-farm.at /site/bilder hgrbuttons_26.jpg
2006.01.06 09:44 B C:\Dokumente und Einstellungen\bensen\Eigene Dateien\homepages\holidayfarm\überspielt am 6.1 2006\bilder\inarbeit.jpg --> www.holiday-farm.at /site/bilder inarbeit.jpg
2006.01.06 09:44 B C:\Dokumente und Einstellungen\bensen\Eigene Dateien\homepages\holidayfarm\überspielt am 6.1 2006\bilder\index.html --> www.holiday-farm.at /site/bilder index.html
2006.01.06 09:44 B C:\Dokumente und Einstellungen\bensen\Eigene Dateien\homepages\holidayfarm\überspielt am 6.1 2006\bilder\indexa.htm --> www.holiday-farm.at /site/bilder indexa.htm
2006.01.06 09:44 B C:\Dokumente und Einstellungen\bensen\Eigene Dateien\homepages\holidayfarm\überspielt am 6.1 2006\bilder\indexs.jpg --> www.holiday-farm.at /site/bilder indexs.jpg
2006.01.06 09:44 B C:\Dokumente und Einstellungen\bensen\Eigene Dateien\homepages\holidayfarm\überspielt am 6.1 2006\bilder\Indianerfest.jpg --> www.holiday-farm.at /site/bilder Indianerfest.jpg
2006.01.06 09:44 B C:\Dokumente und Einstellungen\bensen\Eigene Dateien\homepages\holidayfarm\überspielt am 6.1 2006\bilder\Kirche.jpg --> www.holiday-farm.at /site/bilder Kirche.jpg
2006.01.06 09:44 B C:\Dokumente und Einstellungen\bensen\Eigene Dateien\homepages\holidayfarm\überspielt am 6.1 2006\bilder\lage_01.jpg --> www.holiday-farm.at /site/bilder lage_01.jpg
2006.01.06 09:44 B C:\Dokumente und Einstellungen\bensen\Eigene Dateien\homepages\holidayfarm\überspielt am 6.1 2006\bilder\lage_02.jpg --> www.holiday-farm.at /site/bilder lage_02.jpg
2006.01.06 09:44 B C:\Dokumente und Einstellungen\bensen\Eigene Dateien\homepages\holidayfarm\überspielt am 6.1 2006\bilder\lage_03.jpg --> www.holiday-farm.at /site/bilder lage_03.jpg
2006.01.06 09:44 B C:\Dokumente und Einstellungen\bensen\Eigene Dateien\homepages\holidayfarm\überspielt am 6.1 2006\bilder\lage_04.jpg --> www.holiday-farm.at /site/bilder lage_04.jpg
2006.01.06 09:44 B C:\Dokumente und Einstellungen\bensen\Eigene Dateien\homepages\holidayfarm\überspielt am 6.1 2006\bilder\lagebild1.jpg --> www.holiday-farm.at /site/bilder lagebild1.jpg
2006.01.06 09:44 B C:\Dokumente und Einstellungen\bensen\Eigene Dateien\homepages\holidayfarm\überspielt am 6.1 2006\bilder\lageplan.jpg --> www.holiday-farm.at /site/bilder lageplan.jpg
2006.01.06 09:44 B C:\Dokumente und Einstellungen\bensen\Eigene Dateien\homepages\holidayfarm\überspielt am 6.1 2006\bilder\langlauf.jpg --> www.holiday-farm.at /site/bilder langlauf.jpg
2006.01.06 09:44 B C:\Dokumente und Einstellungen\bensen\Eigene Dateien\homepages\holidayfarm\überspielt am 6.1 2006\bilder\outside_06.jpg --> www.holiday-farm.at /site/bilder outside_06.jpg
2006.01.06 09:44 B C:\Dokumente und Einstellungen\bensen\Eigene Dateien\homepages\holidayfarm\überspielt am 6.1 2006\bilder\pferdeschlitten.jpg --> www.holiday-farm.at /site/bilder pferdeschlitten.jpg
2006.01.06 09:44 B C:\Dokumente und Einstellungen\bensen\Eigene Dateien\homepages\holidayfarm\überspielt am 6.1 2006\bilder\plana.gif --> www.holiday-farm.at /site/bilder plana.gif
2006.01.06 09:44 B C:\Dokumente und Einstellungen\bensen\Eigene Dateien\homepages\holidayfarm\überspielt am 6.1 2006\bilder\planb.gif --> www.holiday-farm.at /site/bilder planb.gif
2006.01.06 09:44 B C:\Dokumente und Einstellungen\bensen\Eigene Dateien\homepages\holidayfarm\überspielt am 6.1 2006\bilder\planc.gif --> www.holiday-farm.at /site/bilder planc.gif
2006.01.06 09:45 B C:\Dokumente und Einstellungen\bensen\Eigene Dateien\homepages\holidayfarm\überspielt am 6.1 2006\bilder\pland.gif --> www.holiday-farm.at /site/bilder pland.gif
2006.01.06 09:45 B C:\Dokumente und Einstellungen\bensen\Eigene Dateien\homepages\holidayfarm\überspielt am 6.1 2006\bilder\plane.gif --> www.holiday-farm.at /site/bilder plane.gif
2006.01.06 09:45 B C:\Dokumente und Einstellungen\bensen\Eigene Dateien\homepages\holidayfarm\überspielt am 6.1 2006\bilder\planf.gif --> www.holiday-farm.at /site/bilder planf.gif
2006.01.06 09:45 B C:\Dokumente und Einstellungen\bensen\Eigene Dateien\homepages\holidayfarm\überspielt am 6.1 2006\bilder\preise.htm --> www.holiday-farm.at /site/bilder preise.htm
2006.01.06 09:45 B C:\Dokumente und Einstellungen\bensen\Eigene Dateien\homepages\holidayfarm\überspielt am 6.1 2006\bilder\rodeln.jpg --> www.holiday-farm.at /site/bilder rodeln.jpg
2006.01.06 09:45 B C:\Dokumente und Einstellungen\bensen\Eigene Dateien\homepages\holidayfarm\überspielt am 6.1 2006\bilder\screendesign_07.jpg --> www.holiday-farm.at /site/bilder screendesign_07.jpg
2006.01.06 09:45 B C:\Dokumente und Einstellungen\bensen\Eigene Dateien\homepages\holidayfarm\überspielt am 6.1 2006\bilder\screendesign_09.jpg --> www.holiday-farm.at /site/bilder screendesign_09.jpg
2006.01.06 09:45 B C:\Dokumente und Einstellungen\bensen\Eigene Dateien\homepages\holidayfarm\überspielt am 6.1 2006\bilder\screendesign_10-over.jpg --> www.holiday-farm.at /site/bilder screendesign_10-over.jpg
2006.01.06 09:45 B C:\Dokumente und Einstellungen\bensen\Eigene Dateien\homepages\holidayfarm\überspielt am 6.1 2006\bilder\screendesign_10.jpg --> www.holiday-farm.at /site/bilder screendesign_10.jpg
2006.01.06 09:45 B C:\Dokumente und Einstellungen\bensen\Eigene Dateien\homepages\holidayfarm\überspielt am 6.1 2006\bilder\screendesign_11.jpg --> www.holiday-farm.at /site/bilder screendesign_11.jpg
2006.01.06 09:45 B C:\Dokumente und Einstellungen\bensen\Eigene Dateien\homepages\holidayfarm\überspielt am 6.1 2006\bilder\screendesign_12-over.jpg --> www.holiday-farm.at /site/bilder screendesign_12-over.jpg
2006.01.06 09:45 B C:\Dokumente und Einstellungen\bensen\Eigene Dateien\homepages\holidayfarm\überspielt am 6.1 2006\bilder\screendesign_12.jpg --> www.holiday-farm.at /site/bilder screendesign_12.jpg
2006.01.06 09:45 B C:\Dokumente und Einstellungen\bensen\Eigene Dateien\homepages\holidayfarm\überspielt am 6.1 2006\bilder\screendesign_13.jpg --> www.holiday-farm.at /site/bilder screendesign_13.jpg
2006.01.06 09:45 B C:\Dokumente und Einstellungen\bensen\Eigene Dateien\homepages\holidayfarm\überspielt am 6.1 2006\bilder\screendesign_14-over.jpg --> www.holiday-farm.at /site/bilder screendesign_14-over.jpg
2006.01.06 09:45 B C:\Dokumente und Einstellungen\bensen\Eigene Dateien\homepages\holidayfarm\überspielt am 6.1 2006\bilder\screendesign_14.jpg --> www.holiday-farm.at /site/bilder screendesign_14.jpg
2006.01.06 09:45 B C:\Dokumente und Einstellungen\bensen\Eigene Dateien\homepages\holidayfarm\überspielt am 6.1 2006\bilder\screendesign_15.jpg --> www.holiday-farm.at /site/bilder screendesign_15.jpg
2006.01.06 09:45 B C:\Dokumente und Einstellungen\bensen\Eigene Dateien\homepages\holidayfarm\überspielt am 6.1 2006\bilder\screendesign_16-over.jpg --> www.holiday-farm.at /site/bilder screendesign_16-over.jpg
2006.01.06 09:45 B C:\Dokumente und Einstellungen\bensen\Eigene Dateien\homepages\holidayfarm\überspielt am 6.1 2006\bilder\screendesign_16.jpg --> www.holiday-farm.at /site/bilder screendesign_16.jpg
2006.01.06 09:45 B C:\Dokumente und Einstellungen\bensen\Eigene Dateien\homepages\holidayfarm\überspielt am 6.1 2006\bilder\screendesign_17.jpg --> www.holiday-farm.at /site/bilder screendesign_17.jpg
2006.01.06 09:45 B C:\Dokumente und Einstellungen\bensen\Eigene Dateien\homepages\holidayfarm\überspielt am 6.1 2006\bilder\screendesign_18-over.jpg --> www.holiday-farm.at /site/bilder screendesign_18-over.jpg
2006.01.06 09:45 B C:\Dokumente und Einstellungen\bensen\Eigene Dateien\homepages\holidayfarm\überspielt am 6.1 2006\bilder\screendesign_18.jpg --> www.holiday-farm.at /site/bilder screendesign_18.jpg
2006.01.06 09:45 B C:\Dokumente und Einstellungen\bensen\Eigene Dateien\homepages\holidayfarm\überspielt am 6.1 2006\bilder\screendesign_19.jpg --> www.holiday-farm.at /site/bilder screendesign_19.jpg
2006.01.06 09:45 B C:\Dokumente und Einstellungen\bensen\Eigene Dateien\homepages\holidayfarm\überspielt am 6.1 2006\bilder\screendesign_20-over.jpg --> www.holiday-farm.at /site/bilder screendesign_20-over.jpg
2006.01.06 09:45 B C:\Dokumente und Einstellungen\bensen\Eigene Dateien\homepages\holidayfarm\überspielt am 6.1 2006\bilder\screendesign_20.jpg --> www.holiday-farm.at /site/bilder screendesign_20.jpg
2006.01.06 09:45 B C:\Dokumente und Einstellungen\bensen\Eigene Dateien\homepages\holidayfarm\überspielt am 6.1 2006\bilder\ski.jpg --> www.holiday-farm.at /site/bilder ski.jpg
2006.01.06 09:45 B C:\Dokumente und Einstellungen\bensen\Eigene Dateien\homepages\holidayfarm\überspielt am 6.1 2006\bilder\ski2.jpg --> www.holiday-farm.at /site/bilder ski2.jpg
2006.01.06 09:45 B C:\Dokumente und Einstellungen\bensen\Eigene Dateien\homepages\holidayfarm\überspielt am 6.1 2006\bilder\snowboard.jpg --> www.holiday-farm.at /site/bilder snowboard.jpg
2006.01.06 09:45 B C:\Dokumente und Einstellungen\bensen\Eigene Dateien\homepages\holidayfarm\überspielt am 6.1 2006\bilder\sommer.jpg --> www.holiday-farm.at /site/bilder sommer.jpg
2006.01.06 09:45 B C:\Dokumente und Einstellungen\bensen\Eigene Dateien\homepages\holidayfarm\überspielt am 6.1 2006\bilder\sommerbild_01.jpg --> www.holiday-farm.at /site/bilder sommerbild_01.jpg
2006.01.06 09:45 B C:\Dokumente und Einstellungen\bensen\Eigene Dateien\homepages\holidayfarm\überspielt am 6.1 2006\bilder\sommerbild_02.jpg --> www.holiday-farm.at /site/bilder sommerbild_02.jpg
2006.01.06 09:45 B C:\Dokumente und Einstellungen\bensen\Eigene Dateien\homepages\holidayfarm\überspielt am 6.1 2006\bilder\sommerbild_03.jpg --> www.holiday-farm.at /site/bilder sommerbild_03.jpg
2006.01.06 09:45 B C:\Dokumente und Einstellungen\bensen\Eigene Dateien\homepages\holidayfarm\überspielt am 6.1 2006\bilder\sommerbild_04.jpg --> www.holiday-farm.at /site/bilder sommerbild_04.jpg
2006.01.06 09:45 B C:\Dokumente und Einstellungen\bensen\Eigene Dateien\homepages\holidayfarm\überspielt am 6.1 2006\bilder\spacer.gif --> www.holiday-farm.at /site/bilder spacer.gif
2006.01.06 09:45 B C:\Dokumente und Einstellungen\bensen\Eigene Dateien\homepages\holidayfarm\überspielt am 6.1 2006\bilder\spinneweis.png --> www.holiday-farm.at /site/bilder spinneweis.png
2006.01.06 09:45 B C:\Dokumente und Einstellungen\bensen\Eigene Dateien\homepages\holidayfarm\überspielt am 6.1 2006\bilder\supercard.jpg --> www.holiday-farm.at /site/bilder supercard.jpg
2006.01.06 09:45 B C:\Dokumente und Einstellungen\bensen\Eigene Dateien\homepages\holidayfarm\überspielt am 6.1 2006\bilder\Thumbs.db --> www.holiday-farm.at /site/bilder Thumbs.db
2006.01.06 09:45 B C:\Dokumente und Einstellungen\bensen\Eigene Dateien\homepages\holidayfarm\überspielt am 6.1 2006\bilder\Wandern1.jpg --> www.holiday-farm.at /site/bilder Wandern1.jpg
2006.01.06 09:45 B C:\Dokumente und Einstellungen\bensen\Eigene Dateien\homepages\holidayfarm\überspielt am 6.1 2006\bilder\willkommen_01.jpg --> www.holiday-farm.at /site/bilder willkommen_01.jpg
2006.01.06 09:45 B C:\Dokumente und Einstellungen\bensen\Eigene Dateien\homepages\holidayfarm\überspielt am 6.1 2006\bilder\willkommen_02.jpg --> www.holiday-farm.at /site/bilder willkommen_02.jpg
2006.01.06 09:45 B C:\Dokumente und Einstellungen\bensen\Eigene Dateien\homepages\holidayfarm\überspielt am 6.1 2006\bilder\willkommen_03.jpg --> www.holiday-farm.at /site/bilder willkommen_03.jpg
2006.01.06 09:45 B C:\Dokumente und Einstellungen\bensen\Eigene Dateien\homepages\holidayfarm\überspielt am 6.1 2006\bilder\willkommen_04.jpg --> www.holiday-farm.at /site/bilder willkommen_04.jpg
2006.01.06 09:45 B C:\Dokumente und Einstellungen\bensen\Eigene Dateien\homepages\holidayfarm\überspielt am 6.1 2006\bilder\winter.jpg --> www.holiday-farm.at /site/bilder winter.jpg
2006.01.06 09:45 B C:\Dokumente und Einstellungen\bensen\Eigene Dateien\homepages\holidayfarm\überspielt am 6.1 2006\bilder\winterbild_01.jpg --> www.holiday-farm.at /site/bilder winterbild_01.jpg
2006.01.06 09:45 B C:\Dokumente und Einstellungen\bensen\Eigene Dateien\homepages\holidayfarm\überspielt am 6.1 2006\bilder\winterbild_02.jpg --> www.holiday-farm.at /site/bilder winterbild_02.jpg
2006.01.06 09:45 B C:\Dokumente und Einstellungen\bensen\Eigene Dateien\homepages\holidayfarm\überspielt am 6.1 2006\bilder\winterbild_03.jpg --> www.holiday-farm.at /site/bilder winterbild_03.jpg
2006.01.06 09:45 B C:\Dokumente und Einstellungen\bensen\Eigene Dateien\homepages\holidayfarm\überspielt am 6.1 2006\bilder\winterbild_04.jpg --> www.holiday-farm.at /site/bilder winterbild_04.jpg
