2005.12.11 06:45 B C:\Dokumente und Einstellungen\bensen\Eigene Dateien\homepages\holidayfarm\Rosnerbauer\galerie\Piktogramm\Bild 00225_jpg.jpg --> www.bensen.at /html/Rosnerbauer/galerie/Piktogramm Bild 00225_jpg.jpg
2005.12.11 06:45 B C:\Dokumente und Einstellungen\bensen\Eigene Dateien\homepages\holidayfarm\Rosnerbauer\galerie\Piktogramm\Bild 0024_jpg.jpg --> www.bensen.at /html/Rosnerbauer/galerie/Piktogramm Bild 0024_jpg.jpg
2005.12.11 06:45 B C:\Dokumente und Einstellungen\bensen\Eigene Dateien\homepages\holidayfarm\Rosnerbauer\galerie\Piktogramm\Bild 002_jpg.jpg --> www.bensen.at /html/Rosnerbauer/galerie/Piktogramm Bild 002_jpg.jpg
2005.12.11 06:45 B C:\Dokumente und Einstellungen\bensen\Eigene Dateien\homepages\holidayfarm\Rosnerbauer\galerie\Piktogramm\Bild 003_jpg.jpg --> www.bensen.at /html/Rosnerbauer/galerie/Piktogramm Bild 003_jpg.jpg
2005.12.11 06:45 B C:\Dokumente und Einstellungen\bensen\Eigene Dateien\homepages\holidayfarm\Rosnerbauer\galerie\Piktogramm\Bild 004_jpg.jpg --> www.bensen.at /html/Rosnerbauer/galerie/Piktogramm Bild 004_jpg.jpg
2005.12.11 06:45 B C:\Dokumente und Einstellungen\bensen\Eigene Dateien\homepages\holidayfarm\Rosnerbauer\galerie\Piktogramm\Bild 006_jpg.jpg --> www.bensen.at /html/Rosnerbauer/galerie/Piktogramm Bild 006_jpg.jpg
2005.12.11 06:45 B C:\Dokumente und Einstellungen\bensen\Eigene Dateien\homepages\holidayfarm\Rosnerbauer\galerie\Piktogramm\Bild 008_jpg.jpg --> www.bensen.at /html/Rosnerbauer/galerie/Piktogramm Bild 008_jpg.jpg
2005.12.11 06:45 B C:\Dokumente und Einstellungen\bensen\Eigene Dateien\homepages\holidayfarm\Rosnerbauer\galerie\Piktogramm\Bild 009_jpg.jpg --> www.bensen.at /html/Rosnerbauer/galerie/Piktogramm Bild 009_jpg.jpg
2005.12.11 06:45 B C:\Dokumente und Einstellungen\bensen\Eigene Dateien\homepages\holidayfarm\Rosnerbauer\galerie\Piktogramm\Bild 0111_jpg.jpg --> www.bensen.at /html/Rosnerbauer/galerie/Piktogramm Bild 0111_jpg.jpg
2005.12.11 06:45 B C:\Dokumente und Einstellungen\bensen\Eigene Dateien\homepages\holidayfarm\Rosnerbauer\galerie\Piktogramm\Bild 011_jpg.jpg --> www.bensen.at /html/Rosnerbauer/galerie/Piktogramm Bild 011_jpg.jpg
2005.12.11 06:45 B C:\Dokumente und Einstellungen\bensen\Eigene Dateien\homepages\holidayfarm\Rosnerbauer\galerie\Piktogramm\Bild 0122_jpg.jpg --> www.bensen.at /html/Rosnerbauer/galerie/Piktogramm Bild 0122_jpg.jpg
2005.12.11 06:45 B C:\Dokumente und Einstellungen\bensen\Eigene Dateien\homepages\holidayfarm\Rosnerbauer\galerie\Piktogramm\Bild 012_jpg.jpg --> www.bensen.at /html/Rosnerbauer/galerie/Piktogramm Bild 012_jpg.jpg
2005.12.11 06:45 B C:\Dokumente und Einstellungen\bensen\Eigene Dateien\homepages\holidayfarm\Rosnerbauer\galerie\Piktogramm\Bild 013_jpg.jpg --> www.bensen.at /html/Rosnerbauer/galerie/Piktogramm Bild 013_jpg.jpg
2005.12.11 06:45 B C:\Dokumente und Einstellungen\bensen\Eigene Dateien\homepages\holidayfarm\Rosnerbauer\galerie\Piktogramm\Bild 014_jpg.jpg --> www.bensen.at /html/Rosnerbauer/galerie/Piktogramm Bild 014_jpg.jpg
2005.12.11 06:45 B C:\Dokumente und Einstellungen\bensen\Eigene Dateien\homepages\holidayfarm\Rosnerbauer\galerie\Piktogramm\Bild 015_jpg.jpg --> www.bensen.at /html/Rosnerbauer/galerie/Piktogramm Bild 015_jpg.jpg
2005.12.11 06:45 B C:\Dokumente und Einstellungen\bensen\Eigene Dateien\homepages\holidayfarm\Rosnerbauer\galerie\Piktogramm\Bild 016_jpg.jpg --> www.bensen.at /html/Rosnerbauer/galerie/Piktogramm Bild 016_jpg.jpg
2005.12.11 06:45 B C:\Dokumente und Einstellungen\bensen\Eigene Dateien\homepages\holidayfarm\Rosnerbauer\galerie\Piktogramm\Bild 017_jpg.jpg --> www.bensen.at /html/Rosnerbauer/galerie/Piktogramm Bild 017_jpg.jpg
2005.12.11 06:45 B C:\Dokumente und Einstellungen\bensen\Eigene Dateien\homepages\holidayfarm\Rosnerbauer\galerie\Piktogramm\Bild 019_jpg.jpg --> www.bensen.at /html/Rosnerbauer/galerie/Piktogramm Bild 019_jpg.jpg
2005.12.11 06:45 B C:\Dokumente und Einstellungen\bensen\Eigene Dateien\homepages\holidayfarm\Rosnerbauer\galerie\Piktogramm\Bild 020_jpg.jpg --> www.bensen.at /html/Rosnerbauer/galerie/Piktogramm Bild 020_jpg.jpg
2005.12.11 06:45 B C:\Dokumente und Einstellungen\bensen\Eigene Dateien\homepages\holidayfarm\Rosnerbauer\galerie\Piktogramm\Bild 021_jpg.jpg --> www.bensen.at /html/Rosnerbauer/galerie/Piktogramm Bild 021_jpg.jpg
2005.12.11 06:45 B C:\Dokumente und Einstellungen\bensen\Eigene Dateien\homepages\holidayfarm\Rosnerbauer\galerie\Piktogramm\Bild 026_jpg.jpg --> www.bensen.at /html/Rosnerbauer/galerie/Piktogramm Bild 026_jpg.jpg
2005.12.11 06:45 B C:\Dokumente und Einstellungen\bensen\Eigene Dateien\homepages\holidayfarm\Rosnerbauer\galerie\Piktogramm\Bild_jpg.jpg --> www.bensen.at /html/Rosnerbauer/galerie/Piktogramm Bild_jpg.jpg
2005.12.11 06:45 B C:\Dokumente und Einstellungen\bensen\Eigene Dateien\homepages\holidayfarm\Rosnerbauer\galerie\Piktogramm\buildPhotoAlbum.jsf --> www.bensen.at /html/Rosnerbauer/galerie/Piktogramm buildPhotoAlbum.jsf
2006.01.06 07:51 B C:\Dokumente und Einstellungen\bensen\Eigene Dateien\homepages\holidayfarm\Rosnerbauer\galerie\Piktogramm\Bild 0024_jpg.jpg --> www.bensen.at /html/Rosnerbauer/galerie/Piktogramm Bild 0024_jpg.jpg
2006.01.13 09:55 B C:\Dokumente und Einstellungen\bensen\Eigene Dateien\homepages\holidayfarm\Rosnerbauer\galerie\Piktogramm\Thumbs.db --> www.holiday-farm.at /site/galerie/Piktogramm Thumbs.db
2006.02.09 07:52 B C:\Dokumente und Einstellungen\bensen\Eigene Dateien\homepages\holidayfarm\Rosnerbauer\galerie\Piktogramm\Bild 00225_jpg.jpg --> www.holiday-farm.at /site/galerie/Piktogramm Bild 00225_jpg.jpg
2006.02.09 07:52 B C:\Dokumente und Einstellungen\bensen\Eigene Dateien\homepages\holidayfarm\Rosnerbauer\galerie\Piktogramm\Bild 0024_jpg.jpg --> www.holiday-farm.at /site/galerie/Piktogramm Bild 0024_jpg.jpg
2006.02.09 07:52 B C:\Dokumente und Einstellungen\bensen\Eigene Dateien\homepages\holidayfarm\Rosnerbauer\galerie\Piktogramm\Bild 002_jpg.jpg --> www.holiday-farm.at /site/galerie/Piktogramm Bild 002_jpg.jpg
2006.02.09 07:52 B C:\Dokumente und Einstellungen\bensen\Eigene Dateien\homepages\holidayfarm\Rosnerbauer\galerie\Piktogramm\Bild 003_jpg.jpg --> www.holiday-farm.at /site/galerie/Piktogramm Bild 003_jpg.jpg
2006.02.09 07:52 B C:\Dokumente und Einstellungen\bensen\Eigene Dateien\homepages\holidayfarm\Rosnerbauer\galerie\Piktogramm\Bild 004_jpg.jpg --> www.holiday-farm.at /site/galerie/Piktogramm Bild 004_jpg.jpg
2006.02.09 07:52 B C:\Dokumente und Einstellungen\bensen\Eigene Dateien\homepages\holidayfarm\Rosnerbauer\galerie\Piktogramm\Bild 006_jpg.jpg --> www.holiday-farm.at /site/galerie/Piktogramm Bild 006_jpg.jpg
2006.02.09 07:52 B C:\Dokumente und Einstellungen\bensen\Eigene Dateien\homepages\holidayfarm\Rosnerbauer\galerie\Piktogramm\Bild 008_jpg.jpg --> www.holiday-farm.at /site/galerie/Piktogramm Bild 008_jpg.jpg
2006.02.09 07:52 B C:\Dokumente und Einstellungen\bensen\Eigene Dateien\homepages\holidayfarm\Rosnerbauer\galerie\Piktogramm\Bild 009_jpg.jpg --> www.holiday-farm.at /site/galerie/Piktogramm Bild 009_jpg.jpg
2006.02.09 07:52 B C:\Dokumente und Einstellungen\bensen\Eigene Dateien\homepages\holidayfarm\Rosnerbauer\galerie\Piktogramm\Bild 0111_jpg.jpg --> www.holiday-farm.at /site/galerie/Piktogramm Bild 0111_jpg.jpg
2006.02.09 07:52 B C:\Dokumente und Einstellungen\bensen\Eigene Dateien\homepages\holidayfarm\Rosnerbauer\galerie\Piktogramm\Bild 011_jpg.jpg --> www.holiday-farm.at /site/galerie/Piktogramm Bild 011_jpg.jpg
2006.02.09 07:52 B C:\Dokumente und Einstellungen\bensen\Eigene Dateien\homepages\holidayfarm\Rosnerbauer\galerie\Piktogramm\Bild 0122_jpg.jpg --> www.holiday-farm.at /site/galerie/Piktogramm Bild 0122_jpg.jpg
2006.02.09 07:52 B C:\Dokumente und Einstellungen\bensen\Eigene Dateien\homepages\holidayfarm\Rosnerbauer\galerie\Piktogramm\Bild 012_jpg.jpg --> www.holiday-farm.at /site/galerie/Piktogramm Bild 012_jpg.jpg
2006.02.09 07:52 B C:\Dokumente und Einstellungen\bensen\Eigene Dateien\homepages\holidayfarm\Rosnerbauer\galerie\Piktogramm\Bild 013_jpg.jpg --> www.holiday-farm.at /site/galerie/Piktogramm Bild 013_jpg.jpg
2006.02.09 07:52 B C:\Dokumente und Einstellungen\bensen\Eigene Dateien\homepages\holidayfarm\Rosnerbauer\galerie\Piktogramm\Bild 014_jpg.jpg --> www.holiday-farm.at /site/galerie/Piktogramm Bild 014_jpg.jpg
2006.02.09 07:52 B C:\Dokumente und Einstellungen\bensen\Eigene Dateien\homepages\holidayfarm\Rosnerbauer\galerie\Piktogramm\Bild 015_jpg.jpg --> www.holiday-farm.at /site/galerie/Piktogramm Bild 015_jpg.jpg
2006.02.09 07:52 B C:\Dokumente und Einstellungen\bensen\Eigene Dateien\homepages\holidayfarm\Rosnerbauer\galerie\Piktogramm\Bild 016_jpg.jpg --> www.holiday-farm.at /site/galerie/Piktogramm Bild 016_jpg.jpg
2006.02.09 07:52 B C:\Dokumente und Einstellungen\bensen\Eigene Dateien\homepages\holidayfarm\Rosnerbauer\galerie\Piktogramm\Bild 017_jpg.jpg --> www.holiday-farm.at /site/galerie/Piktogramm Bild 017_jpg.jpg
2006.02.09 07:53 B C:\Dokumente und Einstellungen\bensen\Eigene Dateien\homepages\holidayfarm\Rosnerbauer\galerie\Piktogramm\Bild 019_jpg.jpg --> www.holiday-farm.at /site/galerie/Piktogramm Bild 019_jpg.jpg
2006.02.09 07:53 B C:\Dokumente und Einstellungen\bensen\Eigene Dateien\homepages\holidayfarm\Rosnerbauer\galerie\Piktogramm\Bild 020_jpg.jpg --> www.holiday-farm.at /site/galerie/Piktogramm Bild 020_jpg.jpg
2006.02.09 07:53 B C:\Dokumente und Einstellungen\bensen\Eigene Dateien\homepages\holidayfarm\Rosnerbauer\galerie\Piktogramm\Bild 021_jpg.jpg --> www.holiday-farm.at /site/galerie/Piktogramm Bild 021_jpg.jpg
2006.02.09 07:53 B C:\Dokumente und Einstellungen\bensen\Eigene Dateien\homepages\holidayfarm\Rosnerbauer\galerie\Piktogramm\Bild 026_jpg.jpg --> www.holiday-farm.at /site/galerie/Piktogramm Bild 026_jpg.jpg
2006.02.09 07:53 B C:\Dokumente und Einstellungen\bensen\Eigene Dateien\homepages\holidayfarm\Rosnerbauer\galerie\Piktogramm\Bild_jpg.jpg --> www.holiday-farm.at /site/galerie/Piktogramm Bild_jpg.jpg
2006.02.09 07:53 B C:\Dokumente und Einstellungen\bensen\Eigene Dateien\homepages\holidayfarm\Rosnerbauer\galerie\Piktogramm\buildPhotoAlbum.jsf --> www.holiday-farm.at /site/galerie/Piktogramm buildPhotoAlbum.jsf
2006.02.09 07:53 B C:\Dokumente und Einstellungen\bensen\Eigene Dateien\homepages\holidayfarm\Rosnerbauer\galerie\Piktogramm\pi00.jpg --> www.holiday-farm.at /site/galerie/Piktogramm pi00.jpg
2006.02.09 07:53 B C:\Dokumente und Einstellungen\bensen\Eigene Dateien\homepages\holidayfarm\Rosnerbauer\galerie\Piktogramm\pi022.jpg --> www.holiday-farm.at /site/galerie/Piktogramm pi022.jpg
2006.02.09 07:53 B C:\Dokumente und Einstellungen\bensen\Eigene Dateien\homepages\holidayfarm\Rosnerbauer\galerie\Piktogramm\Thumbs.db --> www.holiday-farm.at /site/galerie/Piktogramm Thumbs.db
