2005.12.01 08:56 B C:\Dokumente und Einstellungen\bensen\Eigene Dateien\homepages\holidayfarm\Rosnerbauer\bilder\bilder\hgroutside_05.jpg --> www.holiday-farm.at /site/bilder/bilder hgroutside_05.jpg
2005.12.08 09:15 B C:\Dokumente und Einstellungen\bensen\Eigene Dateien\homepages\holidayfarm\Rosnerbauer\bilder\bilder\hgroutside_05.jpg --> www.bensen.at /html/Rosnerbauer/bilder/bilder hgroutside_05.jpg
2005.12.08 09:15 B C:\Dokumente und Einstellungen\bensen\Eigene Dateien\homepages\holidayfarm\Rosnerbauer\bilder\bilder\Thumbs.db --> www.bensen.at /html/Rosnerbauer/bilder/bilder Thumbs.db
2005.12.08 09:15 B C:\Dokumente und Einstellungen\bensen\Eigene Dateien\homepages\holidayfarm\Rosnerbauer\bilder\bilder\WS_FTP.LOG --> www.bensen.at /html/Rosnerbauer/bilder/bilder WS_FTP.LOG
2005.12.09 08:11 B C:\Dokumente und Einstellungen\bensen\Eigene Dateien\homepages\holidayfarm\Rosnerbauer\bilder\bilder\appartement_01.jpg --> www.bensen.at /html/Rosnerbauer/bilder/bilder appartement_01.jpg
2005.12.09 08:12 B C:\Dokumente und Einstellungen\bensen\Eigene Dateien\homepages\holidayfarm\Rosnerbauer\bilder\bilder\appartement_02.jpg --> www.bensen.at /html/Rosnerbauer/bilder/bilder appartement_02.jpg
2005.12.09 08:12 B C:\Dokumente und Einstellungen\bensen\Eigene Dateien\homepages\holidayfarm\Rosnerbauer\bilder\bilder\appartement_03.jpg --> www.bensen.at /html/Rosnerbauer/bilder/bilder appartement_03.jpg
2005.12.09 08:12 B C:\Dokumente und Einstellungen\bensen\Eigene Dateien\homepages\holidayfarm\Rosnerbauer\bilder\bilder\appartement_04.jpg --> www.bensen.at /html/Rosnerbauer/bilder/bilder appartement_04.jpg
2005.12.09 08:12 B C:\Dokumente und Einstellungen\bensen\Eigene Dateien\homepages\holidayfarm\Rosnerbauer\bilder\bilder\finanz_01.jpg --> www.bensen.at /html/Rosnerbauer/bilder/bilder finanz_01.jpg
2005.12.09 08:12 B C:\Dokumente und Einstellungen\bensen\Eigene Dateien\homepages\holidayfarm\Rosnerbauer\bilder\bilder\finanz_02.jpg --> www.bensen.at /html/Rosnerbauer/bilder/bilder finanz_02.jpg
2005.12.09 08:12 B C:\Dokumente und Einstellungen\bensen\Eigene Dateien\homepages\holidayfarm\Rosnerbauer\bilder\bilder\finanz_03.jpg --> www.bensen.at /html/Rosnerbauer/bilder/bilder finanz_03.jpg
2005.12.09 08:12 B C:\Dokumente und Einstellungen\bensen\Eigene Dateien\homepages\holidayfarm\Rosnerbauer\bilder\bilder\finanz_04.jpg --> www.bensen.at /html/Rosnerbauer/bilder/bilder finanz_04.jpg
2005.12.09 08:12 B C:\Dokumente und Einstellungen\bensen\Eigene Dateien\homepages\holidayfarm\Rosnerbauer\bilder\bilder\Thumbs.db --> www.bensen.at /html/Rosnerbauer/bilder/bilder Thumbs.db
2006.01.06 08:30 B C:\Dokumente und Einstellungen\bensen\Eigene Dateien\homepages\holidayfarm\überspielt am 6.1 2006\bilder\bilder\WS_FTP.LOG <-- bensen /html/Rosnerbauer/bilder/bilder WS_FTP.LOG
2006.01.06 09:07 B C:\Dokumente und Einstellungen\bensen\Eigene Dateien\homepages\holidayfarm\überspielt am 6.1 2006\bilder\bilder\appartement_01.jpg --> www.holiday-farm.at /site/bilder/bilder appartement_01.jpg
2006.01.06 09:07 B C:\Dokumente und Einstellungen\bensen\Eigene Dateien\homepages\holidayfarm\überspielt am 6.1 2006\bilder\bilder\appartement_02.jpg --> www.holiday-farm.at /site/bilder/bilder appartement_02.jpg
2006.01.06 09:07 B C:\Dokumente und Einstellungen\bensen\Eigene Dateien\homepages\holidayfarm\überspielt am 6.1 2006\bilder\bilder\appartement_03.jpg --> www.holiday-farm.at /site/bilder/bilder appartement_03.jpg
2006.01.06 09:07 B C:\Dokumente und Einstellungen\bensen\Eigene Dateien\homepages\holidayfarm\überspielt am 6.1 2006\bilder\bilder\appartement_04.jpg --> www.holiday-farm.at /site/bilder/bilder appartement_04.jpg
2006.01.06 09:07 B C:\Dokumente und Einstellungen\bensen\Eigene Dateien\homepages\holidayfarm\überspielt am 6.1 2006\bilder\bilder\finanz_01.jpg --> www.holiday-farm.at /site/bilder/bilder finanz_01.jpg
2006.01.06 09:07 B C:\Dokumente und Einstellungen\bensen\Eigene Dateien\homepages\holidayfarm\überspielt am 6.1 2006\bilder\bilder\finanz_02.jpg --> www.holiday-farm.at /site/bilder/bilder finanz_02.jpg
2006.01.06 09:07 B C:\Dokumente und Einstellungen\bensen\Eigene Dateien\homepages\holidayfarm\überspielt am 6.1 2006\bilder\bilder\finanz_03.jpg --> www.holiday-farm.at /site/bilder/bilder finanz_03.jpg
2006.01.06 09:07 B C:\Dokumente und Einstellungen\bensen\Eigene Dateien\homepages\holidayfarm\überspielt am 6.1 2006\bilder\bilder\finanz_04.jpg --> www.holiday-farm.at /site/bilder/bilder finanz_04.jpg
2006.01.06 09:07 B C:\Dokumente und Einstellungen\bensen\Eigene Dateien\homepages\holidayfarm\überspielt am 6.1 2006\bilder\bilder\hgroutside_05.jpg --> www.holiday-farm.at /site/bilder/bilder hgroutside_05.jpg
2006.01.06 09:07 B C:\Dokumente und Einstellungen\bensen\Eigene Dateien\homepages\holidayfarm\überspielt am 6.1 2006\bilder\bilder\Thumbs.db --> www.holiday-farm.at /site/bilder/bilder Thumbs.db
